STATUS | wrapper  | 2014/11/27 23:24:32 | --> Wrapper Started as Console
STATUS | wrapper  | 2014/11/27 23:24:32 | Launching a JVM...
INFO   | jvm 1    | 2014/11/27 23:24:32 | Wrapper (Version 3.2.3) http://wrapper.tanukisoftware.org
INFO   | jvm 1    | 2014/11/27 23:24:32 |   Copyright 1999-2006 Tanuki Software, Inc.  All Rights Reserved.
INFO   | jvm 1    | 2014/11/27 23:24:32 | 
INFO   | jvm 1    | 2014/11/27 23:24:33 | 2014-11-27 23:24:33.222:INFO:oejs.Server:jetty-7.6.11.v20130520
2014.11.27 23:24:38 INFO  o.s.s.p.ServerImpl  SonarQube Server / 3.7.4 / d25bc0e2a151ba7374f72ce7b1e7ee547ccb8a9f
2014.11.27 23:24:39 INFO  o.s.s.d.EmbeddedDatabase  Starting embedded database on port 9092 with url jdbc:h2:tcp://localhost:9092/sonar
2014.11.27 23:24:39 INFO  o.s.s.d.EmbeddedDatabase  Embedded database started. Data stored in: C:\Users\Habba\Documents\School\DSS\getting-started-sandbox\sonar-3.7.4\data
2014.11.27 23:24:39 WARN  o.s.c.p.DefaultDatabase  H2 database should be used for evaluation purpose only
2014.11.27 23:24:39 INFO  o.s.c.p.Database  Create JDBC datasource for jdbc:h2:tcp://localhost:9092/sonar
2014.11.27 23:24:40 INFO  o.s.s.p.DefaultServerFileSystem  SonarQube home: C:\Users\Habba\Documents\School\DSS\getting-started-sandbox\sonar-3.7.4
2014.11.27 23:24:40 INFO  o.s.s.p.DefaultServerFileSystem  Deploy dir: C:\Users\Habba\Documents\School\DSS\getting-started-sandbox\sonar-3.7.4\war\sonar-server\deploy
2014.11.27 23:24:40 INFO  org.sonar.INFO  Install plugins...
2014.11.27 23:24:40 INFO  o.s.s.p.PluginDeployer  Deploy plugin Email notifications / 3.7.4 / d25bc0e2a151ba7374f72ce7b1e7ee547ccb8a9f
2014.11.27 23:24:40 INFO  o.s.s.p.PluginDeployer  Deploy plugin PMD / 1.3 / 4d7d78e9340e39f53bbf202ed16d1253e6507c36
2014.11.27 23:24:40 INFO  o.s.s.p.PluginDeployer  Deploy plugin Database Cleaner / 3.7.4 / d25bc0e2a151ba7374f72ce7b1e7ee547ccb8a9f
2014.11.27 23:24:40 INFO  o.s.s.p.PluginDeployer  Deploy plugin JaCoCo / 1.3 / 4d7d78e9340e39f53bbf202ed16d1253e6507c36
2014.11.27 23:24:41 INFO  o.s.s.p.PluginDeployer  Deploy plugin Surefire / 1.3 / 4d7d78e9340e39f53bbf202ed16d1253e6507c36
2014.11.27 23:24:41 INFO  o.s.s.p.PluginDeployer  Deploy plugin Squid for Java / 1.3 / 4d7d78e9340e39f53bbf202ed16d1253e6507c36
2014.11.27 23:24:41 INFO  o.s.s.p.PluginDeployer  Deploy plugin Core / 3.7.4 / d25bc0e2a151ba7374f72ce7b1e7ee547ccb8a9f
2014.11.27 23:24:41 INFO  o.s.s.p.PluginDeployer  Deploy plugin Findbugs / 1.3 / 4d7d78e9340e39f53bbf202ed16d1253e6507c36
2014.11.27 23:24:41 INFO  o.s.s.p.PluginDeployer  Deploy plugin Java / 1.3 / 4d7d78e9340e39f53bbf202ed16d1253e6507c36
2014.11.27 23:24:41 INFO  o.s.s.p.PluginDeployer  Deploy plugin Maven Batch Plugin / 3.7.4 / d25bc0e2a151ba7374f72ce7b1e7ee547ccb8a9f
2014.11.27 23:24:41 INFO  o.s.s.p.PluginDeployer  Deploy plugin Duplications / 3.7.4 / d25bc0e2a151ba7374f72ce7b1e7ee547ccb8a9f
2014.11.27 23:24:41 INFO  o.s.s.p.PluginDeployer  Deploy plugin Design / 3.7.4 / d25bc0e2a151ba7374f72ce7b1e7ee547ccb8a9f
2014.11.27 23:24:41 INFO  o.s.s.p.PluginDeployer  Deploy plugin English Pack / 3.7.4 / d25bc0e2a151ba7374f72ce7b1e7ee547ccb8a9f
2014.11.27 23:24:41 INFO  o.s.s.p.PluginDeployer  Deploy plugin Checkstyle / 1.3 / 4d7d78e9340e39f53bbf202ed16d1253e6507c36
2014.11.27 23:24:41 INFO  org.sonar.INFO  Install plugins done: 1472 ms
2014.11.27 23:24:41 INFO  o.s.s.p.ApplicationDeployer  Deploy Ruby on Rails applications
2014.11.27 23:24:41 INFO  jruby.rack  jruby 1.6.8 (ruby-1.8.7-p357) (2012-09-18 1772b40) (Java HotSpot(TM) 64-Bit Server VM 1.8.0_20) [Windows 8.1-amd64-java]
2014.11.27 23:24:41 INFO  jruby.rack  using a shared (threadsafe!) runtime
INFO   | jvm 1    | 2014/11/27 23:24:46 | JRuby limited openssl loaded. http://jruby.org/openssl
INFO   | jvm 1    | 2014/11/27 23:24:46 | gem install jruby-openssl for full support.
2014.11.27 23:24:52 INFO  o.s.s.d.m.DatabaseMigrator  Create database
2014.11.27 23:24:52 INFO  org.sonar.INFO  Start components...
2014.11.27 23:24:52 INFO  o.s.j.s.AbstractDatabaseConnector  Initializing Hibernate
2014.11.27 23:24:53 INFO  o.s.s.p.UpdateCenterClient  Update center: http://update.sonarsource.org/update-center.properties (no proxy)
2014.11.27 23:24:53 INFO  o.s.s.n.NotificationService  Notification service started (delay 60 sec.)
2014.11.27 23:24:53 INFO  org.sonar.INFO  Deploy GWT plugins...
2014.11.27 23:24:53 INFO  org.sonar.INFO  Deploy org.sonar.plugins.design.ui.libraries.LibrariesPage to C:\Users\Habba\Documents\School\DSS\getting-started-sandbox\sonar-3.7.4\war\sonar-server\deploy\gwt
2014.11.27 23:24:54 INFO  org.sonar.INFO  Deploy org.sonar.plugins.design.ui.page.DesignPage to C:\Users\Habba\Documents\School\DSS\getting-started-sandbox\sonar-3.7.4\war\sonar-server\deploy\gwt
2014.11.27 23:24:54 INFO  org.sonar.INFO  Deploy GWT plugins done: 828 ms
2014.11.27 23:24:54 INFO  org.sonar.INFO  Load metrics...
2014.11.27 23:24:55 INFO  o.s.s.s.RegisterMetrics  cleaning alert thresholds...
2014.11.27 23:24:55 INFO  org.sonar.INFO  Load metrics done: 724 ms
2014.11.27 23:24:55 INFO  org.sonar.INFO  Register rules [pmd/java]...
2014.11.27 23:24:55 INFO  org.sonar.INFO  Register rules [pmd/java] done: 447 ms
2014.11.27 23:24:55 INFO  org.sonar.INFO  Register rules [pmd-unit-tests/java]...
2014.11.27 23:24:55 INFO  org.sonar.INFO  Register rules [pmd-unit-tests/java] done: 22 ms
2014.11.27 23:24:55 INFO  org.sonar.INFO  Register rules [squid/java]...
2014.11.27 23:24:55 INFO  org.sonar.INFO  Register rules [squid/java] done: 124 ms
2014.11.27 23:24:55 INFO  org.sonar.INFO  Register rules [findbugs/java]...
2014.11.27 23:24:57 INFO  org.sonar.INFO  Register rules [findbugs/java] done: 1099 ms
2014.11.27 23:24:57 INFO  org.sonar.INFO  Register rules [checkstyle/java]...
2014.11.27 23:24:57 INFO  org.sonar.INFO  Register rules [checkstyle/java] done: 645 ms
2014.11.27 23:24:57 INFO  org.sonar.INFO  Register rules [common-java/java]...
2014.11.27 23:24:57 INFO  org.sonar.INFO  Register rules [common-java/java] done: 5 ms
2014.11.27 23:24:57 INFO  o.s.s.s.RegisterRules  Removing deprecated rules
2014.11.27 23:24:57 INFO  o.s.s.s.RegisterNewProfiles  Register Quality Profiles...
2014.11.27 23:24:58 INFO  o.s.s.s.RegisterNewProfiles  Register java profile: Sonar way
2014.11.27 23:24:58 INFO  o.s.s.s.RegisterNewProfiles  Register java profile: Sonar way with Findbugs
2014.11.27 23:24:59 INFO  o.s.s.s.RegisterNewProfiles  Set default java profile: Sonar way
2014.11.27 23:24:59 INFO  o.s.s.s.RegisterNewProfiles  Register Quality Profiles done: 1308 ms
2014.11.27 23:24:59 INFO  o.s.s.s.RegisterQualityModels  Register Quality Models...
2014.11.27 23:24:59 INFO  o.s.s.s.RegisterQualityModels  Register Quality Models done: 0 ms
2014.11.27 23:24:59 INFO  o.s.s.s.RegisterNewMeasureFilters  Register measure filters...
2014.11.27 23:24:59 INFO  o.s.s.s.RegisterNewMeasureFilters  Register measure filter: Projects
2014.11.27 23:24:59 INFO  o.s.s.s.RegisterNewMeasureFilters  Register measure filter: My favourites
2014.11.27 23:24:59 INFO  o.s.s.s.RegisterNewMeasureFilters  Register measure filters done: 18 ms
2014.11.27 23:24:59 INFO  o.s.s.s.RegisterNewDashboards  Register dashboards...
2014.11.27 23:24:59 INFO  o.s.s.s.RegisterNewDashboards  Register dashboard: Dashboard
2014.11.27 23:24:59 INFO  o.s.s.s.RegisterNewDashboards  Register dashboard: Home
2014.11.27 23:24:59 INFO  o.s.s.s.RegisterNewDashboards  Register dashboard: Hotspots
2014.11.27 23:24:59 INFO  o.s.s.s.RegisterNewDashboards  Register dashboard: Issues
2014.11.27 23:24:59 INFO  o.s.s.s.RegisterNewDashboards  Register dashboard: TimeMachine
2014.11.27 23:24:59 INFO  o.s.s.s.RegisterNewDashboards  Register dashboards done: 80 ms
2014.11.27 23:24:59 INFO  o.s.s.s.RegisterPermissionTemplates  Register permission templates...
2014.11.27 23:24:59 INFO  o.s.s.s.RegisterPermissionTemplates  Set default permission template: default_template
2014.11.27 23:24:59 INFO  o.s.s.s.RegisterPermissionTemplates  Register permission templates done: 18 ms
2014.11.27 23:24:59 INFO  o.s.s.s.RenameDeprecatedPropertyKeys  Rename deprecated property keys
2014.11.27 23:24:59 INFO  org.sonar.INFO  Start components done: 6980 ms
INFO   | jvm 1    | 2014/11/27 23:24:59 | 2014-11-27 23:24:59.635:INFO:oejsh.ContextHandler:started o.e.j.w.WebAppContext{/,file:/C:/Users/Habba/Documents/School/DSS/getting-started-sandbox/sonar-3.7.4/war/sonar-server/},file:/C:/Users/Habba/Documents/School/DSS/getting-started-sandbox/sonar-3.7.4/war/sonar-server
INFO   | jvm 1    | 2014/11/27 23:24:59 | 2014-11-27 23:24:59.888:INFO:oejs.AbstractConnector:Started SelectChannelConnector@0.0.0.0:9000
STATUS | wrapper  | 2014/11/27 23:31:25 | --> Wrapper Started as Console
STATUS | wrapper  | 2014/11/27 23:31:26 | Launching a JVM...
INFO   | jvm 1    | 2014/11/27 23:31:26 | Wrapper (Version 3.2.3) http://wrapper.tanukisoftware.org
INFO   | jvm 1    | 2014/11/27 23:31:26 |   Copyright 1999-2006 Tanuki Software, Inc.  All Rights Reserved.
INFO   | jvm 1    | 2014/11/27 23:31:26 | 
INFO   | jvm 1    | 2014/11/27 23:31:26 | 2014-11-27 23:31:26.383:INFO:oejs.Server:jetty-7.6.11.v20130520
2014.11.27 23:31:27 INFO  o.s.s.p.ServerImpl  SonarQube Server / 3.7.4 / d25bc0e2a151ba7374f72ce7b1e7ee547ccb8a9f
2014.11.27 23:31:30 INFO  o.s.s.d.EmbeddedDatabase  Starting embedded database on port 9092 with url jdbc:h2:tcp://localhost:9092/sonar
2014.11.27 23:31:30 INFO  o.s.s.d.EmbeddedDatabase  Embedded database started. Data stored in: C:\Users\Habba\Documents\School\DSS\getting-started-sandbox\sonar-3.7.4\data
2014.11.27 23:31:30 WARN  o.s.c.p.DefaultDatabase  H2 database should be used for evaluation purpose only
2014.11.27 23:31:30 INFO  o.s.c.p.Database  Create JDBC datasource for jdbc:h2:tcp://localhost:9092/sonar
2014.11.27 23:31:31 INFO  o.s.s.p.DefaultServerFileSystem  SonarQube home: C:\Users\Habba\Documents\School\DSS\getting-started-sandbox\sonar-3.7.4
2014.11.27 23:31:31 INFO  o.s.s.p.DefaultServerFileSystem  Deploy dir: C:\Users\Habba\Documents\School\DSS\getting-started-sandbox\sonar-3.7.4\war\sonar-server\deploy
2014.11.27 23:31:31 INFO  org.sonar.INFO  Install plugins...
2014.11.27 23:31:31 INFO  o.s.s.p.PluginDeployer  Deploy plugin Email notifications / 3.7.4 / d25bc0e2a151ba7374f72ce7b1e7ee547ccb8a9f
STATUS | wrapper  | 2014/11/27 23:48:02 | --> Wrapper Started as Console
STATUS | wrapper  | 2014/11/27 23:48:02 | Launching a JVM...
INFO   | jvm 1    | 2014/11/27 23:48:02 | Wrapper (Version 3.2.3) http://wrapper.tanukisoftware.org
INFO   | jvm 1    | 2014/11/27 23:48:02 |   Copyright 1999-2006 Tanuki Software, Inc.  All Rights Reserved.
INFO   | jvm 1    | 2014/11/27 23:48:02 | 
INFO   | jvm 1    | 2014/11/27 23:48:03 | 2014-11-27 23:48:03.153:INFO:oejs.Server:jetty-7.6.11.v20130520
2014.11.27 23:48:04 INFO  o.s.s.p.ServerImpl  SonarQube Server / 3.7.4 / d25bc0e2a151ba7374f72ce7b1e7ee547ccb8a9f
2014.11.27 23:48:07 INFO  o.s.s.d.EmbeddedDatabase  Starting embedded database on port 9092 with url jdbc:h2:tcp://localhost:9092/sonar
2014.11.27 23:48:07 INFO  o.s.s.d.EmbeddedDatabase  Embedded database started. Data stored in: C:\Users\Habba\Documents\School\DSS\getting-started-sandbox\sonar-3.7.4\data
2014.11.27 23:48:07 WARN  o.s.c.p.DefaultDatabase  H2 database should be used for evaluation purpose only
2014.11.27 23:48:07 INFO  o.s.c.p.Database  Create JDBC datasource for jdbc:h2:tcp://localhost:9092/sonar
2014.11.27 23:48:07 INFO  o.s.s.p.DefaultServerFileSystem  SonarQube home: C:\Users\Habba\Documents\School\DSS\getting-started-sandbox\sonar-3.7.4
2014.11.27 23:48:07 INFO  o.s.s.p.DefaultServerFileSystem  Deploy dir: C:\Users\Habba\Documents\School\DSS\getting-started-sandbox\sonar-3.7.4\war\sonar-server\deploy
2014.11.27 23:48:07 INFO  org.sonar.INFO  Install plugins...
2014.11.27 23:48:07 INFO  o.s.s.p.PluginDeployer  Deploy plugin Email notifications / 3.7.4 / d25bc0e2a151ba7374f72ce7b1e7ee547ccb8a9f
2014.11.27 23:48:08 INFO  o.s.s.p.PluginDeployer  Deploy plugin PMD / 1.3 / 4d7d78e9340e39f53bbf202ed16d1253e6507c36
2014.11.27 23:48:08 INFO  o.s.s.p.PluginDeployer  Deploy plugin Database Cleaner / 3.7.4 / d25bc0e2a151ba7374f72ce7b1e7ee547ccb8a9f
2014.11.27 23:48:08 INFO  o.s.s.p.PluginDeployer  Deploy plugin JaCoCo / 1.3 / 4d7d78e9340e39f53bbf202ed16d1253e6507c36
2014.11.27 23:48:08 INFO  o.s.s.p.PluginDeployer  Deploy plugin Surefire / 1.3 / 4d7d78e9340e39f53bbf202ed16d1253e6507c36
2014.11.27 23:48:08 INFO  o.s.s.p.PluginDeployer  Deploy plugin Squid for Java / 1.3 / 4d7d78e9340e39f53bbf202ed16d1253e6507c36
2014.11.27 23:48:08 INFO  o.s.s.p.PluginDeployer  Deploy plugin Core / 3.7.4 / d25bc0e2a151ba7374f72ce7b1e7ee547ccb8a9f
2014.11.27 23:48:08 INFO  o.s.s.p.PluginDeployer  Deploy plugin Findbugs / 1.3 / 4d7d78e9340e39f53bbf202ed16d1253e6507c36
2014.11.27 23:48:08 INFO  o.s.s.p.PluginDeployer  Deploy plugin Java / 1.3 / 4d7d78e9340e39f53bbf202ed16d1253e6507c36
2014.11.27 23:48:08 INFO  o.s.s.p.PluginDeployer  Deploy plugin Maven Batch Plugin / 3.7.4 / d25bc0e2a151ba7374f72ce7b1e7ee547ccb8a9f
2014.11.27 23:48:08 INFO  o.s.s.p.PluginDeployer  Deploy plugin Duplications / 3.7.4 / d25bc0e2a151ba7374f72ce7b1e7ee547ccb8a9f
2014.11.27 23:48:08 INFO  o.s.s.p.PluginDeployer  Deploy plugin Design / 3.7.4 / d25bc0e2a151ba7374f72ce7b1e7ee547ccb8a9f
2014.11.27 23:48:08 INFO  o.s.s.p.PluginDeployer  Deploy plugin English Pack / 3.7.4 / d25bc0e2a151ba7374f72ce7b1e7ee547ccb8a9f
2014.11.27 23:48:08 INFO  o.s.s.p.PluginDeployer  Deploy plugin Checkstyle / 1.3 / 4d7d78e9340e39f53bbf202ed16d1253e6507c36
2014.11.27 23:48:08 INFO  org.sonar.INFO  Install plugins done: 491 ms
2014.11.27 23:48:08 INFO  o.s.s.p.ApplicationDeployer  Deploy Ruby on Rails applications
2014.11.27 23:48:08 INFO  org.sonar.INFO  Start components...
2014.11.27 23:48:08 INFO  o.s.j.s.AbstractDatabaseConnector  Initializing Hibernate
2014.11.27 23:48:09 INFO  o.s.s.p.UpdateCenterClient  Update center: http://update.sonarsource.org/update-center.properties (no proxy)
2014.11.27 23:48:09 INFO  o.s.s.n.NotificationService  Notification service started (delay 60 sec.)
2014.11.27 23:48:09 INFO  org.sonar.INFO  Deploy GWT plugins...
2014.11.27 23:48:09 INFO  org.sonar.INFO  Deploy org.sonar.plugins.design.ui.libraries.LibrariesPage to C:\Users\Habba\Documents\School\DSS\getting-started-sandbox\sonar-3.7.4\war\sonar-server\deploy\gwt
2014.11.27 23:48:09 INFO  org.sonar.INFO  Deploy org.sonar.plugins.design.ui.page.DesignPage to C:\Users\Habba\Documents\School\DSS\getting-started-sandbox\sonar-3.7.4\war\sonar-server\deploy\gwt
2014.11.27 23:48:10 INFO  org.sonar.INFO  Deploy GWT plugins done: 670 ms
2014.11.27 23:48:10 INFO  org.sonar.INFO  Load metrics...
2014.11.27 23:48:10 INFO  o.s.s.s.RegisterMetrics  cleaning alert thresholds...
2014.11.27 23:48:10 INFO  org.sonar.INFO  Load metrics done: 242 ms
2014.11.27 23:48:10 INFO  org.sonar.INFO  Register rules [pmd/java]...
2014.11.27 23:48:10 INFO  org.sonar.INFO  Register rules [pmd/java] done: 365 ms
2014.11.27 23:48:10 INFO  org.sonar.INFO  Register rules [pmd-unit-tests/java]...
2014.11.27 23:48:10 INFO  org.sonar.INFO  Register rules [pmd-unit-tests/java] done: 8 ms
2014.11.27 23:48:10 INFO  org.sonar.INFO  Register rules [squid/java]...
2014.11.27 23:48:11 INFO  org.sonar.INFO  Register rules [squid/java] done: 73 ms
2014.11.27 23:48:11 INFO  org.sonar.INFO  Register rules [findbugs/java]...
2014.11.27 23:48:11 INFO  org.sonar.INFO  Register rules [findbugs/java] done: 635 ms
2014.11.27 23:48:11 INFO  org.sonar.INFO  Register rules [checkstyle/java]...
2014.11.27 23:48:11 INFO  org.sonar.INFO  Register rules [checkstyle/java] done: 333 ms
2014.11.27 23:48:11 INFO  org.sonar.INFO  Register rules [common-java/java]...
2014.11.27 23:48:11 INFO  org.sonar.INFO  Register rules [common-java/java] done: 2 ms
2014.11.27 23:48:11 INFO  o.s.s.s.RegisterRules  Removing deprecated rules
2014.11.27 23:48:12 INFO  o.s.s.s.RegisterNewProfiles  Register Quality Profiles...
2014.11.27 23:48:13 INFO  o.s.s.s.RegisterNewProfiles  Register Quality Profiles done: 865 ms
2014.11.27 23:48:13 INFO  o.s.s.s.RegisterQualityModels  Register Quality Models...
2014.11.27 23:48:13 INFO  o.s.s.s.RegisterQualityModels  Register Quality Models done: 0 ms
2014.11.27 23:48:13 INFO  o.s.s.s.RegisterNewMeasureFilters  Register measure filters...
2014.11.27 23:48:13 INFO  o.s.s.s.RegisterNewMeasureFilters  Register measure filters done: 5 ms
2014.11.27 23:48:13 INFO  o.s.s.s.RegisterNewDashboards  Register dashboards...
2014.11.27 23:48:13 INFO  o.s.s.s.RegisterNewDashboards  Register dashboards done: 8 ms
2014.11.27 23:48:13 INFO  o.s.s.s.RegisterPermissionTemplates  Register permission templates...
2014.11.27 23:48:13 INFO  o.s.s.s.RegisterPermissionTemplates  Register permission templates done: 1 ms
2014.11.27 23:48:13 INFO  o.s.s.s.RenameDeprecatedPropertyKeys  Rename deprecated property keys
2014.11.27 23:48:13 INFO  org.sonar.INFO  Start components done: 4696 ms
2014.11.27 23:48:13 INFO  jruby.rack  jruby 1.6.8 (ruby-1.8.7-p357) (2012-09-18 1772b40) (Java HotSpot(TM) 64-Bit Server VM 1.8.0_20) [Windows 8.1-amd64-java]
2014.11.27 23:48:13 INFO  jruby.rack  using a shared (threadsafe!) runtime
INFO   | jvm 1    | 2014/11/27 23:48:16 | JRuby limited openssl loaded. http://jruby.org/openssl
INFO   | jvm 1    | 2014/11/27 23:48:16 | gem install jruby-openssl for full support.
INFO   | jvm 1    | 2014/11/27 23:48:21 | 2014-11-27 23:48:21.070:INFO:oejsh.ContextHandler:started o.e.j.w.WebAppContext{/,file:/C:/Users/Habba/Documents/School/DSS/getting-started-sandbox/sonar-3.7.4/war/sonar-server/},file:/C:/Users/Habba/Documents/School/DSS/getting-started-sandbox/sonar-3.7.4/war/sonar-server
INFO   | jvm 1    | 2014/11/27 23:48:21 | 2014-11-27 23:48:21.175:INFO:oejs.AbstractConnector:Started SelectChannelConnector@0.0.0.0:9000
STATUS | wrapper  | 2014/11/27 23:49:13 | --> Wrapper Started as Console
STATUS | wrapper  | 2014/11/27 23:49:13 | Launching a JVM...
INFO   | jvm 1    | 2014/11/27 23:49:13 | Wrapper (Version 3.2.3) http://wrapper.tanukisoftware.org
INFO   | jvm 1    | 2014/11/27 23:49:13 |   Copyright 1999-2006 Tanuki Software, Inc.  All Rights Reserved.
INFO   | jvm 1    | 2014/11/27 23:49:13 | 
INFO   | jvm 1    | 2014/11/27 23:49:13 | 2014-11-27 23:49:13.933:INFO:oejs.Server:jetty-7.6.11.v20130520
2014.11.27 23:49:16 INFO  o.s.s.p.ServerImpl  SonarQube Server / 3.7.4 / d25bc0e2a151ba7374f72ce7b1e7ee547ccb8a9f
2014.11.27 23:49:18 INFO  o.s.s.d.EmbeddedDatabase  Starting embedded database on port 9092 with url jdbc:h2:tcp://localhost:9092/sonar
2014.11.27 23:49:18 INFO  o.s.s.d.EmbeddedDatabase  Embedded database started. Data stored in: C:\Users\Habba\Documents\School\DSS\OUR PLUGIN TESTING FOLDER\sonar-3.7.4\data
2014.11.27 23:49:18 WARN  o.s.c.p.DefaultDatabase  H2 database should be used for evaluation purpose only
2014.11.27 23:49:18 INFO  o.s.c.p.Database  Create JDBC datasource for jdbc:h2:tcp://localhost:9092/sonar
2014.11.27 23:49:19 INFO  o.s.s.p.DefaultServerFileSystem  SonarQube home: C:\Users\Habba\Documents\School\DSS\OUR PLUGIN TESTING FOLDER\sonar-3.7.4
2014.11.27 23:49:19 INFO  o.s.s.p.DefaultServerFileSystem  Deploy dir: C:\Users\Habba\Documents\School\DSS\OUR PLUGIN TESTING FOLDER\sonar-3.7.4\war\sonar-server\deploy
2014.11.27 23:49:19 INFO  org.sonar.INFO  Install plugins...
2014.11.27 23:49:19 INFO  o.s.s.p.PluginDeployer  Deploy plugin Email notifications / 3.7.4 / d25bc0e2a151ba7374f72ce7b1e7ee547ccb8a9f
2014.11.27 23:49:19 INFO  o.s.s.p.PluginDeployer  Deploy plugin PMD / 1.3 / 4d7d78e9340e39f53bbf202ed16d1253e6507c36
2014.11.27 23:49:19 INFO  o.s.s.p.PluginDeployer  Deploy plugin Database Cleaner / 3.7.4 / d25bc0e2a151ba7374f72ce7b1e7ee547ccb8a9f
2014.11.27 23:49:19 INFO  o.s.s.p.PluginDeployer  Deploy plugin JaCoCo / 1.3 / 4d7d78e9340e39f53bbf202ed16d1253e6507c36
2014.11.27 23:49:19 INFO  o.s.s.p.PluginDeployer  Deploy plugin Surefire / 1.3 / 4d7d78e9340e39f53bbf202ed16d1253e6507c36
2014.11.27 23:49:19 INFO  o.s.s.p.PluginDeployer  Deploy plugin Squid for Java / 1.3 / 4d7d78e9340e39f53bbf202ed16d1253e6507c36
2014.11.27 23:49:20 INFO  o.s.s.p.PluginDeployer  Deploy plugin Core / 3.7.4 / d25bc0e2a151ba7374f72ce7b1e7ee547ccb8a9f
2014.11.27 23:49:20 INFO  o.s.s.p.PluginDeployer  Deploy plugin Findbugs / 1.3 / 4d7d78e9340e39f53bbf202ed16d1253e6507c36
2014.11.27 23:49:20 INFO  o.s.s.p.PluginDeployer  Deploy plugin Java / 1.3 / 4d7d78e9340e39f53bbf202ed16d1253e6507c36
2014.11.27 23:49:20 INFO  o.s.s.p.PluginDeployer  Deploy plugin Maven Batch Plugin / 3.7.4 / d25bc0e2a151ba7374f72ce7b1e7ee547ccb8a9f
2014.11.27 23:49:20 INFO  o.s.s.p.PluginDeployer  Deploy plugin Duplications / 3.7.4 / d25bc0e2a151ba7374f72ce7b1e7ee547ccb8a9f
2014.11.27 23:49:20 INFO  o.s.s.p.PluginDeployer  Deploy plugin Design / 3.7.4 / d25bc0e2a151ba7374f72ce7b1e7ee547ccb8a9f
2014.11.27 23:49:20 INFO  o.s.s.p.PluginDeployer  Deploy plugin English Pack / 3.7.4 / d25bc0e2a151ba7374f72ce7b1e7ee547ccb8a9f
2014.11.27 23:49:20 INFO  o.s.s.p.PluginDeployer  Deploy plugin Checkstyle / 1.3 / 4d7d78e9340e39f53bbf202ed16d1253e6507c36
2014.11.27 23:49:20 INFO  org.sonar.INFO  Install plugins done: 568 ms
2014.11.27 23:49:20 INFO  o.s.s.p.ApplicationDeployer  Deploy Ruby on Rails applications
2014.11.27 23:49:20 INFO  org.sonar.INFO  Start components...
2014.11.27 23:49:20 INFO  o.s.j.s.AbstractDatabaseConnector  Initializing Hibernate
2014.11.27 23:49:21 INFO  o.s.s.p.UpdateCenterClient  Update center: http://update.sonarsource.org/update-center.properties (no proxy)
2014.11.27 23:49:21 INFO  o.s.s.n.NotificationService  Notification service started (delay 60 sec.)
2014.11.27 23:49:21 INFO  org.sonar.INFO  Deploy GWT plugins...
2014.11.27 23:49:21 INFO  org.sonar.INFO  Deploy org.sonar.plugins.design.ui.libraries.LibrariesPage to C:\Users\Habba\Documents\School\DSS\OUR PLUGIN TESTING FOLDER\sonar-3.7.4\war\sonar-server\deploy\gwt
2014.11.27 23:49:21 INFO  org.sonar.INFO  Deploy org.sonar.plugins.design.ui.page.DesignPage to C:\Users\Habba\Documents\School\DSS\OUR PLUGIN TESTING FOLDER\sonar-3.7.4\war\sonar-server\deploy\gwt
2014.11.27 23:49:22 INFO  org.sonar.INFO  Deploy GWT plugins done: 602 ms
2014.11.27 23:49:22 INFO  org.sonar.INFO  Load metrics...
2014.11.27 23:49:22 INFO  o.s.s.s.RegisterMetrics  cleaning alert thresholds...
2014.11.27 23:49:22 INFO  org.sonar.INFO  Load metrics done: 231 ms
2014.11.27 23:49:22 INFO  org.sonar.INFO  Register rules [pmd/java]...
2014.11.27 23:49:22 INFO  org.sonar.INFO  Register rules [pmd/java] done: 317 ms
2014.11.27 23:49:22 INFO  org.sonar.INFO  Register rules [pmd-unit-tests/java]...
2014.11.27 23:49:22 INFO  org.sonar.INFO  Register rules [pmd-unit-tests/java] done: 9 ms
2014.11.27 23:49:22 INFO  org.sonar.INFO  Register rules [squid/java]...
2014.11.27 23:49:22 INFO  org.sonar.INFO  Register rules [squid/java] done: 72 ms
2014.11.27 23:49:22 INFO  org.sonar.INFO  Register rules [findbugs/java]...
2014.11.27 23:49:23 INFO  org.sonar.INFO  Register rules [findbugs/java] done: 598 ms
2014.11.27 23:49:23 INFO  org.sonar.INFO  Register rules [checkstyle/java]...
2014.11.27 23:49:23 INFO  org.sonar.INFO  Register rules [checkstyle/java] done: 364 ms
2014.11.27 23:49:23 INFO  org.sonar.INFO  Register rules [common-java/java]...
2014.11.27 23:49:23 INFO  org.sonar.INFO  Register rules [common-java/java] done: 2 ms
2014.11.27 23:49:23 INFO  o.s.s.s.RegisterRules  Removing deprecated rules
2014.11.27 23:49:24 INFO  o.s.s.s.RegisterNewProfiles  Register Quality Profiles...
2014.11.27 23:49:24 INFO  o.s.s.s.RegisterNewProfiles  Register Quality Profiles done: 812 ms
2014.11.27 23:49:24 INFO  o.s.s.s.RegisterQualityModels  Register Quality Models...
2014.11.27 23:49:24 INFO  o.s.s.s.RegisterQualityModels  Register Quality Models done: 0 ms
2014.11.27 23:49:25 INFO  o.s.s.s.RegisterNewMeasureFilters  Register measure filters...
2014.11.27 23:49:25 INFO  o.s.s.s.RegisterNewMeasureFilters  Register measure filters done: 4 ms
2014.11.27 23:49:25 INFO  o.s.s.s.RegisterNewDashboards  Register dashboards...
2014.11.27 23:49:25 INFO  o.s.s.s.RegisterNewDashboards  Register dashboards done: 12 ms
2014.11.27 23:49:25 INFO  o.s.s.s.RegisterPermissionTemplates  Register permission templates...
2014.11.27 23:49:25 INFO  o.s.s.s.RegisterPermissionTemplates  Register permission templates done: 1 ms
2014.11.27 23:49:25 INFO  o.s.s.s.RenameDeprecatedPropertyKeys  Rename deprecated property keys
2014.11.27 23:49:25 INFO  org.sonar.INFO  Start components done: 4705 ms
2014.11.27 23:49:25 INFO  jruby.rack  jruby 1.6.8 (ruby-1.8.7-p357) (2012-09-18 1772b40) (Java HotSpot(TM) 64-Bit Server VM 1.8.0_20) [Windows 8.1-amd64-java]
2014.11.27 23:49:25 INFO  jruby.rack  using a shared (threadsafe!) runtime
INFO   | jvm 1    | 2014/11/27 23:49:30 | JRuby limited openssl loaded. http://jruby.org/openssl
INFO   | jvm 1    | 2014/11/27 23:49:30 | gem install jruby-openssl for full support.
INFO   | jvm 1    | 2014/11/27 23:49:38 | 2014-11-27 23:49:38.852:INFO:oejsh.ContextHandler:started o.e.j.w.WebAppContext{/,file:/C:/Users/Habba/Documents/School/DSS/OUR%20PLUGIN%20TESTING%20FOLDER/sonar-3.7.4/war/sonar-server/},file:/C:/Users/Habba/Documents/School/DSS/OUR%20PLUGIN%20TESTING%20FOLDER/sonar-3.7.4/war/sonar-server
INFO   | jvm 1    | 2014/11/27 23:49:39 | 2014-11-27 23:49:39.083:INFO:oejs.AbstractConnector:Started SelectChannelConnector@0.0.0.0:9000
STATUS | wrapper  | 2014/11/27 23:50:20 | --> Wrapper Started as Console
STATUS | wrapper  | 2014/11/27 23:50:21 | Launching a JVM...
INFO   | jvm 1    | 2014/11/27 23:50:21 | Wrapper (Version 3.2.3) http://wrapper.tanukisoftware.org
INFO   | jvm 1    | 2014/11/27 23:50:21 |   Copyright 1999-2006 Tanuki Software, Inc.  All Rights Reserved.
INFO   | jvm 1    | 2014/11/27 23:50:21 | 
INFO   | jvm 1    | 2014/11/27 23:50:21 | 2014-11-27 23:50:21.402:INFO:oejs.Server:jetty-7.6.11.v20130520
2014.11.27 23:50:22 INFO  o.s.s.p.ServerImpl  SonarQube Server / 3.7.4 / d25bc0e2a151ba7374f72ce7b1e7ee547ccb8a9f
2014.11.27 23:50:25 INFO  o.s.s.d.EmbeddedDatabase  Starting embedded database on port 9092 with url jdbc:h2:tcp://localhost:9092/sonar
2014.11.27 23:50:25 INFO  o.s.s.d.EmbeddedDatabase  Embedded database started. Data stored in: C:\Users\Habba\Documents\School\DSS\OUR PLUGIN TESTING FOLDER\sonar-3.7.4\data
2014.11.27 23:50:25 WARN  o.s.c.p.DefaultDatabase  H2 database should be used for evaluation purpose only
2014.11.27 23:50:25 INFO  o.s.c.p.Database  Create JDBC datasource for jdbc:h2:tcp://localhost:9092/sonar
2014.11.27 23:50:26 INFO  o.s.s.p.DefaultServerFileSystem  SonarQube home: C:\Users\Habba\Documents\School\DSS\OUR PLUGIN TESTING FOLDER\sonar-3.7.4
2014.11.27 23:50:26 INFO  o.s.s.p.DefaultServerFileSystem  Deploy dir: C:\Users\Habba\Documents\School\DSS\OUR PLUGIN TESTING FOLDER\sonar-3.7.4\war\sonar-server\deploy
2014.11.27 23:50:26 INFO  org.sonar.INFO  Install plugins...
2014.11.27 23:50:26 INFO  o.s.s.p.PluginDeployer  Deploy plugin Email notifications / 3.7.4 / d25bc0e2a151ba7374f72ce7b1e7ee547ccb8a9f
2014.11.27 23:50:26 INFO  o.s.s.p.PluginDeployer  Deploy plugin PMD / 1.3 / 4d7d78e9340e39f53bbf202ed16d1253e6507c36
2014.11.27 23:50:26 INFO  o.s.s.p.PluginDeployer  Deploy plugin Database Cleaner / 3.7.4 / d25bc0e2a151ba7374f72ce7b1e7ee547ccb8a9f
2014.11.27 23:50:26 INFO  o.s.s.p.PluginDeployer  Deploy plugin JaCoCo / 1.3 / 4d7d78e9340e39f53bbf202ed16d1253e6507c36
2014.11.27 23:50:26 INFO  o.s.s.p.PluginDeployer  Deploy plugin Surefire / 1.3 / 4d7d78e9340e39f53bbf202ed16d1253e6507c36
2014.11.27 23:50:26 INFO  o.s.s.p.PluginDeployer  Deploy plugin Squid for Java / 1.3 / 4d7d78e9340e39f53bbf202ed16d1253e6507c36
2014.11.27 23:50:26 INFO  o.s.s.p.PluginDeployer  Deploy plugin Core / 3.7.4 / d25bc0e2a151ba7374f72ce7b1e7ee547ccb8a9f
2014.11.27 23:50:26 INFO  o.s.s.p.PluginDeployer  Deploy plugin Findbugs / 1.3 / 4d7d78e9340e39f53bbf202ed16d1253e6507c36
2014.11.27 23:50:26 INFO  o.s.s.p.PluginDeployer  Deploy plugin Java / 1.3 / 4d7d78e9340e39f53bbf202ed16d1253e6507c36
2014.11.27 23:50:26 INFO  o.s.s.p.PluginDeployer  Deploy plugin Maven Batch Plugin / 3.7.4 / d25bc0e2a151ba7374f72ce7b1e7ee547ccb8a9f
2014.11.27 23:50:26 INFO  o.s.s.p.PluginDeployer  Deploy plugin Polymorphic Views / 1.0-SNAPSHOT
2014.11.27 23:50:26 INFO  o.s.s.p.PluginDeployer  Deploy plugin Duplications / 3.7.4 / d25bc0e2a151ba7374f72ce7b1e7ee547ccb8a9f
2014.11.27 23:50:26 INFO  o.s.s.p.PluginDeployer  Deploy plugin Design / 3.7.4 / d25bc0e2a151ba7374f72ce7b1e7ee547ccb8a9f
2014.11.27 23:50:26 INFO  o.s.s.p.PluginDeployer  Deploy plugin English Pack / 3.7.4 / d25bc0e2a151ba7374f72ce7b1e7ee547ccb8a9f
2014.11.27 23:50:26 INFO  o.s.s.p.PluginDeployer  Deploy plugin Checkstyle / 1.3 / 4d7d78e9340e39f53bbf202ed16d1253e6507c36
2014.11.27 23:50:26 INFO  org.sonar.INFO  Install plugins done: 553 ms
2014.11.27 23:50:26 INFO  o.s.s.p.ApplicationDeployer  Deploy Ruby on Rails applications
2014.11.27 23:50:26 INFO  org.sonar.INFO  Start components...
2014.11.27 23:50:26 INFO  o.s.j.s.AbstractDatabaseConnector  Initializing Hibernate
2014.11.27 23:50:27 INFO  o.s.s.p.UpdateCenterClient  Update center: http://update.sonarsource.org/update-center.properties (no proxy)
2014.11.27 23:50:27 INFO  o.s.s.n.NotificationService  Notification service started (delay 60 sec.)
2014.11.27 23:50:27 INFO  org.sonar.INFO  Deploy GWT plugins...
2014.11.27 23:50:27 INFO  org.sonar.INFO  Deploy org.sonar.plugins.design.ui.libraries.LibrariesPage to C:\Users\Habba\Documents\School\DSS\OUR PLUGIN TESTING FOLDER\sonar-3.7.4\war\sonar-server\deploy\gwt
2014.11.27 23:50:28 INFO  org.sonar.INFO  Deploy org.sonar.plugins.design.ui.page.DesignPage to C:\Users\Habba\Documents\School\DSS\OUR PLUGIN TESTING FOLDER\sonar-3.7.4\war\sonar-server\deploy\gwt
2014.11.27 23:50:28 INFO  org.sonar.INFO  Deploy GWT plugins done: 729 ms
2014.11.27 23:50:28 INFO  org.sonar.INFO  Load metrics...
2014.11.27 23:50:28 INFO  o.s.s.s.RegisterMetrics  cleaning alert thresholds...
2014.11.27 23:50:28 INFO  org.sonar.INFO  Load metrics done: 242 ms
2014.11.27 23:50:28 INFO  org.sonar.INFO  Register rules [pmd/java]...
2014.11.27 23:50:29 INFO  org.sonar.INFO  Register rules [pmd/java] done: 374 ms
2014.11.27 23:50:29 INFO  org.sonar.INFO  Register rules [pmd-unit-tests/java]...
2014.11.27 23:50:29 INFO  org.sonar.INFO  Register rules [pmd-unit-tests/java] done: 10 ms
2014.11.27 23:50:29 INFO  org.sonar.INFO  Register rules [squid/java]...
2014.11.27 23:50:29 INFO  org.sonar.INFO  Register rules [squid/java] done: 76 ms
2014.11.27 23:50:29 INFO  org.sonar.INFO  Register rules [findbugs/java]...
2014.11.27 23:50:30 INFO  org.sonar.INFO  Register rules [findbugs/java] done: 603 ms
2014.11.27 23:50:30 INFO  org.sonar.INFO  Register rules [checkstyle/java]...
2014.11.27 23:50:30 INFO  org.sonar.INFO  Register rules [checkstyle/java] done: 362 ms
2014.11.27 23:50:30 INFO  org.sonar.INFO  Register rules [common-java/java]...
2014.11.27 23:50:30 INFO  org.sonar.INFO  Register rules [common-java/java] done: 1 ms
2014.11.27 23:50:30 INFO  o.s.s.s.RegisterRules  Removing deprecated rules
2014.11.27 23:50:30 INFO  o.s.s.s.RegisterNewProfiles  Register Quality Profiles...
2014.11.27 23:50:31 INFO  o.s.s.s.RegisterNewProfiles  Register Quality Profiles done: 770 ms
2014.11.27 23:50:31 INFO  o.s.s.s.RegisterQualityModels  Register Quality Models...
2014.11.27 23:50:31 INFO  o.s.s.s.RegisterQualityModels  Register Quality Models done: 0 ms
2014.11.27 23:50:31 INFO  o.s.s.s.RegisterNewMeasureFilters  Register measure filters...
2014.11.27 23:50:31 INFO  o.s.s.s.RegisterNewMeasureFilters  Register measure filters done: 2 ms
2014.11.27 23:50:31 INFO  o.s.s.s.RegisterNewDashboards  Register dashboards...
2014.11.27 23:50:31 INFO  o.s.s.s.RegisterNewDashboards  Register dashboards done: 8 ms
2014.11.27 23:50:31 INFO  o.s.s.s.RegisterPermissionTemplates  Register permission templates...
2014.11.27 23:50:31 INFO  o.s.s.s.RegisterPermissionTemplates  Register permission templates done: 1 ms
2014.11.27 23:50:31 INFO  o.s.s.s.RenameDeprecatedPropertyKeys  Rename deprecated property keys
2014.11.27 23:50:31 INFO  org.sonar.INFO  Start components done: 4629 ms
2014.11.27 23:50:31 INFO  jruby.rack  jruby 1.6.8 (ruby-1.8.7-p357) (2012-09-18 1772b40) (Java HotSpot(TM) 64-Bit Server VM 1.8.0_20) [Windows 8.1-amd64-java]
2014.11.27 23:50:31 INFO  jruby.rack  using a shared (threadsafe!) runtime
INFO   | jvm 1    | 2014/11/27 23:50:34 | JRuby limited openssl loaded. http://jruby.org/openssl
INFO   | jvm 1    | 2014/11/27 23:50:34 | gem install jruby-openssl for full support.
INFO   | jvm 1    | 2014/11/27 23:50:39 | 2014-11-27 23:50:39.241:INFO:oejsh.ContextHandler:started o.e.j.w.WebAppContext{/,file:/C:/Users/Habba/Documents/School/DSS/OUR%20PLUGIN%20TESTING%20FOLDER/sonar-3.7.4/war/sonar-server/},file:/C:/Users/Habba/Documents/School/DSS/OUR%20PLUGIN%20TESTING%20FOLDER/sonar-3.7.4/war/sonar-server
INFO   | jvm 1    | 2014/11/27 23:50:39 | 2014-11-27 23:50:39.370:INFO:oejs.AbstractConnector:Started SelectChannelConnector@0.0.0.0:9000
2014.11.27 23:51:02 ERROR o.s.s.ui.JRubyFacade  Fail to render: http://localhost:9000/dashboard/configure?did=5
undefined method `map' for nil:NilClass
	C:/Users/Habba/Documents/School/DSS/OUR PLUGIN TESTING FOLDER/sonar-3.7.4/war/sonar-server/WEB-INF/app/controllers/dashboard_controller.rb:213:in `load_widget_definitions'
	C:/Users/Habba/Documents/School/DSS/OUR PLUGIN TESTING FOLDER/sonar-3.7.4/war/sonar-server/WEB-INF/app/controllers/dashboard_controller.rb:46:in `configure'
	org/jruby/RubyKernel.java:2105:in `send'
	C:/Users/Habba/Documents/School/DSS/OUR PLUGIN TESTING FOLDER/sonar-3.7.4/war/sonar-server/WEB-INF/gems/gems/actionpack-2.3.15/lib/action_controller/base.rb:1333:in `perform_action'
	C:/Users/Habba/Documents/School/DSS/OUR PLUGIN TESTING FOLDER/sonar-3.7.4/war/sonar-server/WEB-INF/gems/gems/actionpack-2.3.15/lib/action_controller/filters.rb:617:in `call_filters'
	C:/Users/Habba/Documents/School/DSS/OUR PLUGIN TESTING FOLDER/sonar-3.7.4/war/sonar-server/WEB-INF/gems/gems/actionpack-2.3.15/lib/action_controller/filters.rb:610:in `perform_action_with_filters'
	C:/Users/Habba/Documents/School/DSS/OUR PLUGIN TESTING FOLDER/sonar-3.7.4/war/sonar-server/WEB-INF/gems/gems/actionpack-2.3.15/lib/action_controller/benchmarking.rb:68:in `perform_action_with_benchmark'
	C:/Users/Habba/Documents/School/DSS/OUR PLUGIN TESTING FOLDER/sonar-3.7.4/war/sonar-server/WEB-INF/gems/gems/activesupport-2.3.15/lib/active_support/core_ext/benchmark.rb:17:in `ms'
	file:/C:/Users/Habba/Documents/School/DSS/OUR PLUGIN TESTING FOLDER/sonar-3.7.4/war/sonar-server/WEB-INF/lib/jruby-complete-1.6.8.jar!/META-INF/jruby.home/lib/ruby/1.8/benchmark.rb:308:in `realtime'
	C:/Users/Habba/Documents/School/DSS/OUR PLUGIN TESTING FOLDER/sonar-3.7.4/war/sonar-server/WEB-INF/gems/gems/activesupport-2.3.15/lib/active_support/core_ext/benchmark.rb:17:in `ms'
	C:/Users/Habba/Documents/School/DSS/OUR PLUGIN TESTING FOLDER/sonar-3.7.4/war/sonar-server/WEB-INF/gems/gems/actionpack-2.3.15/lib/action_controller/benchmarking.rb:68:in `perform_action_with_benchmark'
	C:/Users/Habba/Documents/School/DSS/OUR PLUGIN TESTING FOLDER/sonar-3.7.4/war/sonar-server/WEB-INF/gems/gems/actionpack-2.3.15/lib/action_controller/rescue.rb:160:in `perform_action_with_rescue'
	C:/Users/Habba/Documents/School/DSS/OUR PLUGIN TESTING FOLDER/sonar-3.7.4/war/sonar-server/WEB-INF/gems/gems/actionpack-2.3.15/lib/action_controller/flash.rb:151:in `perform_action_with_flash'
	org/jruby/RubyKernel.java:2105:in `send'
	C:/Users/Habba/Documents/School/DSS/OUR PLUGIN TESTING FOLDER/sonar-3.7.4/war/sonar-server/WEB-INF/gems/gems/actionpack-2.3.15/lib/action_controller/base.rb:532:in `process'
	C:/Users/Habba/Documents/School/DSS/OUR PLUGIN TESTING FOLDER/sonar-3.7.4/war/sonar-server/WEB-INF/gems/gems/actionpack-2.3.15/lib/action_controller/filters.rb:606:in `process_with_filters'
	C:/Users/Habba/Documents/School/DSS/OUR PLUGIN TESTING FOLDER/sonar-3.7.4/war/sonar-server/WEB-INF/gems/gems/actionpack-2.3.15/lib/action_controller/base.rb:391:in `process'
	C:/Users/Habba/Documents/School/DSS/OUR PLUGIN TESTING FOLDER/sonar-3.7.4/war/sonar-server/WEB-INF/gems/gems/actionpack-2.3.15/lib/action_controller/base.rb:386:in `call'
	C:/Users/Habba/Documents/School/DSS/OUR PLUGIN TESTING FOLDER/sonar-3.7.4/war/sonar-server/WEB-INF/gems/gems/actionpack-2.3.15/lib/action_controller/routing/route_set.rb:438:in `call'
	C:/Users/Habba/Documents/School/DSS/OUR PLUGIN TESTING FOLDER/sonar-3.7.4/war/sonar-server/WEB-INF/gems/gems/actionpack-2.3.15/lib/action_controller/dispatcher.rb:87:in `dispatch'
	C:/Users/Habba/Documents/School/DSS/OUR PLUGIN TESTING FOLDER/sonar-3.7.4/war/sonar-server/WEB-INF/gems/gems/actionpack-2.3.15/lib/action_controller/dispatcher.rb:121:in `_call'
	C:/Users/Habba/Documents/School/DSS/OUR PLUGIN TESTING FOLDER/sonar-3.7.4/war/sonar-server/WEB-INF/gems/gems/actionpack-2.3.15/lib/action_controller/dispatcher.rb:130:in `build_middleware_stack'
	org/jruby/RubyProc.java:270:in `call'
	org/jruby/RubyProc.java:220:in `call'
	C:/Users/Habba/Documents/School/DSS/OUR PLUGIN TESTING FOLDER/sonar-3.7.4/war/sonar-server/WEB-INF/gems/gems/activerecord-2.3.15/lib/active_record/query_cache.rb:29:in `call'
	C:/Users/Habba/Documents/School/DSS/OUR PLUGIN TESTING FOLDER/sonar-3.7.4/war/sonar-server/WEB-INF/gems/gems/activerecord-2.3.15/lib/active_record/connection_adapters/abstract/query_cache.rb:34:in `cache'
	C:/Users/Habba/Documents/School/DSS/OUR PLUGIN TESTING FOLDER/sonar-3.7.4/war/sonar-server/WEB-INF/gems/gems/activerecord-2.3.15/lib/active_record/query_cache.rb:9:in `cache'
	C:/Users/Habba/Documents/School/DSS/OUR PLUGIN TESTING FOLDER/sonar-3.7.4/war/sonar-server/WEB-INF/gems/gems/activerecord-2.3.15/lib/active_record/query_cache.rb:28:in `call'
	C:/Users/Habba/Documents/School/DSS/OUR PLUGIN TESTING FOLDER/sonar-3.7.4/war/sonar-server/WEB-INF/gems/gems/activerecord-2.3.15/lib/active_record/connection_adapters/abstract/connection_pool.rb:361:in `call'
	C:/Users/Habba/Documents/School/DSS/OUR PLUGIN TESTING FOLDER/sonar-3.7.4/war/sonar-server/WEB-INF/gems/gems/actionpack-2.3.15/lib/action_controller/string_coercion.rb:25:in `call'
	C:/Users/Habba/Documents/School/DSS/OUR PLUGIN TESTING FOLDER/sonar-3.7.4/war/sonar-server/WEB-INF/gems/gems/rack-1.1.3/lib/rack/head.rb:9:in `call'
	C:/Users/Habba/Documents/School/DSS/OUR PLUGIN TESTING FOLDER/sonar-3.7.4/war/sonar-server/WEB-INF/gems/gems/rack-1.1.3/lib/rack/methodoverride.rb:24:in `call'
	C:/Users/Habba/Documents/School/DSS/OUR PLUGIN TESTING FOLDER/sonar-3.7.4/war/sonar-server/WEB-INF/gems/gems/actionpack-2.3.15/lib/action_controller/params_parser.rb:15:in `call'
	file:/C:/Users/Habba/Documents/School/DSS/OUR PLUGIN TESTING FOLDER/sonar-3.7.4/war/sonar-server/WEB-INF/lib/jruby-rack-1.1.10.jar!/jruby/rack/session_store.rb:70:in `context'
	C:/Users/Habba/Documents/School/DSS/OUR PLUGIN TESTING FOLDER/sonar-3.7.4/war/sonar-server/WEB-INF/gems/gems/rack-1.1.3/lib/rack/session/abstract/id.rb:58:in `call'
	C:/Users/Habba/Documents/School/DSS/OUR PLUGIN TESTING FOLDER/sonar-3.7.4/war/sonar-server/WEB-INF/gems/gems/actionpack-2.3.15/lib/action_controller/failsafe.rb:26:in `call'
	C:/Users/Habba/Documents/School/DSS/OUR PLUGIN TESTING FOLDER/sonar-3.7.4/war/sonar-server/WEB-INF/gems/gems/actionpack-2.3.15/lib/action_controller/dispatcher.rb:106:in `call'
	file:/C:/Users/Habba/Documents/School/DSS/OUR PLUGIN TESTING FOLDER/sonar-3.7.4/war/sonar-server/WEB-INF/lib/jruby-rack-1.1.10.jar!/rack/adapter/rails.rb:34:in `serve_rails'
	file:/C:/Users/Habba/Documents/School/DSS/OUR PLUGIN TESTING FOLDER/sonar-3.7.4/war/sonar-server/WEB-INF/lib/jruby-rack-1.1.10.jar!/rack/adapter/rails.rb:39:in `call'
	file:/C:/Users/Habba/Documents/School/DSS/OUR PLUGIN TESTING FOLDER/sonar-3.7.4/war/sonar-server/WEB-INF/lib/jruby-rack-1.1.10.jar!/rack/handler/servlet.rb:22:in `call'

STATUS | wrapper  | 2014/11/27 23:58:13 | --> Wrapper Started as Console
STATUS | wrapper  | 2014/11/27 23:58:14 | Launching a JVM...
INFO   | jvm 1    | 2014/11/27 23:58:16 | Wrapper (Version 3.2.3) http://wrapper.tanukisoftware.org
INFO   | jvm 1    | 2014/11/27 23:58:16 |   Copyright 1999-2006 Tanuki Software, Inc.  All Rights Reserved.
INFO   | jvm 1    | 2014/11/27 23:58:16 | 
INFO   | jvm 1    | 2014/11/27 23:58:16 | 2014-11-27 23:58:16.786:INFO:oejs.Server:jetty-7.6.11.v20130520
2014.11.27 23:58:18 INFO  o.s.s.p.ServerImpl  SonarQube Server / 3.7.4 / d25bc0e2a151ba7374f72ce7b1e7ee547ccb8a9f
2014.11.27 23:58:21 INFO  o.s.s.d.EmbeddedDatabase  Starting embedded database on port 9092 with url jdbc:h2:tcp://localhost:9092/sonar
2014.11.27 23:58:21 INFO  o.s.s.d.EmbeddedDatabase  Embedded database started. Data stored in: C:\Users\Habba\Documents\School\DSS\OUR PLUGIN TESTING FOLDER\sonar-3.7.4\data
2014.11.27 23:58:21 WARN  o.s.c.p.DefaultDatabase  H2 database should be used for evaluation purpose only
2014.11.27 23:58:21 INFO  o.s.c.p.Database  Create JDBC datasource for jdbc:h2:tcp://localhost:9092/sonar
2014.11.27 23:58:23 INFO  o.s.s.p.DefaultServerFileSystem  SonarQube home: C:\Users\Habba\Documents\School\DSS\OUR PLUGIN TESTING FOLDER\sonar-3.7.4
2014.11.27 23:58:23 INFO  o.s.s.p.DefaultServerFileSystem  Deploy dir: C:\Users\Habba\Documents\School\DSS\OUR PLUGIN TESTING FOLDER\sonar-3.7.4\war\sonar-server\deploy
2014.11.27 23:58:23 INFO  org.sonar.INFO  Install plugins...
2014.11.27 23:58:23 INFO  o.s.s.p.PluginDeployer  Deploy plugin Findbugs / 1.3 / 4d7d78e9340e39f53bbf202ed16d1253e6507c36
2014.11.27 23:58:23 INFO  o.s.s.p.PluginDeployer  Deploy plugin JaCoCo / 1.3 / 4d7d78e9340e39f53bbf202ed16d1253e6507c36
2014.11.27 23:58:23 INFO  o.s.s.p.PluginDeployer  Deploy plugin English Pack / 3.7.4 / d25bc0e2a151ba7374f72ce7b1e7ee547ccb8a9f
2014.11.27 23:58:23 INFO  o.s.s.p.PluginDeployer  Deploy plugin Maven Batch Plugin / 3.7.4 / d25bc0e2a151ba7374f72ce7b1e7ee547ccb8a9f
2014.11.27 23:58:23 INFO  o.s.s.p.PluginDeployer  Deploy plugin Surefire / 1.3 / 4d7d78e9340e39f53bbf202ed16d1253e6507c36
2014.11.27 23:58:23 INFO  o.s.s.p.PluginDeployer  Deploy plugin Duplications / 3.7.4 / d25bc0e2a151ba7374f72ce7b1e7ee547ccb8a9f
2014.11.27 23:58:23 INFO  o.s.s.p.PluginDeployer  Deploy plugin Checkstyle / 1.3 / 4d7d78e9340e39f53bbf202ed16d1253e6507c36
2014.11.27 23:58:23 INFO  o.s.s.p.PluginDeployer  Deploy plugin PMD / 1.3 / 4d7d78e9340e39f53bbf202ed16d1253e6507c36
2014.11.27 23:58:23 INFO  o.s.s.p.PluginDeployer  Deploy plugin Java / 1.3 / 4d7d78e9340e39f53bbf202ed16d1253e6507c36
2014.11.27 23:58:23 INFO  o.s.s.p.PluginDeployer  Deploy plugin Core / 3.7.4 / d25bc0e2a151ba7374f72ce7b1e7ee547ccb8a9f
2014.11.27 23:58:23 INFO  o.s.s.p.PluginDeployer  Deploy plugin Polymorphic Views / 1.0-SNAPSHOT
2014.11.27 23:58:23 INFO  o.s.s.p.PluginDeployer  Deploy plugin Database Cleaner / 3.7.4 / d25bc0e2a151ba7374f72ce7b1e7ee547ccb8a9f
2014.11.27 23:58:23 INFO  o.s.s.p.PluginDeployer  Deploy plugin Squid for Java / 1.3 / 4d7d78e9340e39f53bbf202ed16d1253e6507c36
2014.11.27 23:58:23 INFO  o.s.s.p.PluginDeployer  Deploy plugin Email notifications / 3.7.4 / d25bc0e2a151ba7374f72ce7b1e7ee547ccb8a9f
2014.11.27 23:58:23 INFO  o.s.s.p.PluginDeployer  Deploy plugin Design / 3.7.4 / d25bc0e2a151ba7374f72ce7b1e7ee547ccb8a9f
2014.11.27 23:58:23 INFO  org.sonar.INFO  Install plugins done: 608 ms
2014.11.27 23:58:23 INFO  o.s.s.p.ApplicationDeployer  Deploy Ruby on Rails applications
2014.11.27 23:58:24 INFO  org.sonar.INFO  Start components...
2014.11.27 23:58:24 INFO  o.s.j.s.AbstractDatabaseConnector  Initializing Hibernate
2014.11.27 23:58:25 INFO  o.s.s.p.UpdateCenterClient  Update center: http://update.sonarsource.org/update-center.properties (no proxy)
2014.11.27 23:58:25 INFO  o.s.s.n.NotificationService  Notification service started (delay 60 sec.)
2014.11.27 23:58:25 INFO  org.sonar.INFO  Deploy GWT plugins...
2014.11.27 23:58:25 INFO  org.sonar.INFO  Deploy org.sonar.plugins.design.ui.libraries.LibrariesPage to C:\Users\Habba\Documents\School\DSS\OUR PLUGIN TESTING FOLDER\sonar-3.7.4\war\sonar-server\deploy\gwt
2014.11.27 23:58:25 INFO  org.sonar.INFO  Deploy org.sonar.plugins.design.ui.page.DesignPage to C:\Users\Habba\Documents\School\DSS\OUR PLUGIN TESTING FOLDER\sonar-3.7.4\war\sonar-server\deploy\gwt
2014.11.27 23:58:25 INFO  org.sonar.INFO  Deploy GWT plugins done: 615 ms
2014.11.27 23:58:25 INFO  org.sonar.INFO  Load metrics...
2014.11.27 23:58:26 INFO  o.s.s.s.RegisterMetrics  cleaning alert thresholds...
2014.11.27 23:58:26 INFO  org.sonar.INFO  Load metrics done: 248 ms
2014.11.27 23:58:26 INFO  org.sonar.INFO  Register rules [findbugs/java]...
2014.11.27 23:58:26 INFO  org.sonar.INFO  Register rules [findbugs/java] done: 540 ms
2014.11.27 23:58:26 INFO  org.sonar.INFO  Register rules [checkstyle/java]...
2014.11.27 23:58:27 INFO  org.sonar.INFO  Register rules [checkstyle/java] done: 265 ms
2014.11.27 23:58:27 INFO  org.sonar.INFO  Register rules [pmd/java]...
2014.11.27 23:58:27 INFO  org.sonar.INFO  Register rules [pmd/java] done: 415 ms
2014.11.27 23:58:27 INFO  org.sonar.INFO  Register rules [pmd-unit-tests/java]...
2014.11.27 23:58:27 INFO  org.sonar.INFO  Register rules [pmd-unit-tests/java] done: 18 ms
2014.11.27 23:58:27 INFO  org.sonar.INFO  Register rules [squid/java]...
2014.11.27 23:58:27 INFO  org.sonar.INFO  Register rules [squid/java] done: 109 ms
2014.11.27 23:58:27 INFO  org.sonar.INFO  Register rules [common-java/java]...
2014.11.27 23:58:27 INFO  org.sonar.INFO  Register rules [common-java/java] done: 2 ms
2014.11.27 23:58:27 INFO  o.s.s.s.RegisterRules  Removing deprecated rules
2014.11.27 23:58:27 INFO  o.s.s.s.RegisterNewProfiles  Register Quality Profiles...
2014.11.27 23:58:28 INFO  o.s.s.s.RegisterNewProfiles  Register Quality Profiles done: 1078 ms
2014.11.27 23:58:28 INFO  o.s.s.s.RegisterQualityModels  Register Quality Models...
2014.11.27 23:58:28 INFO  o.s.s.s.RegisterQualityModels  Register Quality Models done: 0 ms
2014.11.27 23:58:29 INFO  o.s.s.s.RegisterNewMeasureFilters  Register measure filters...
2014.11.27 23:58:29 INFO  o.s.s.s.RegisterNewMeasureFilters  Register measure filters done: 3 ms
2014.11.27 23:58:29 INFO  o.s.s.s.RegisterNewDashboards  Register dashboards...
2014.11.27 23:58:29 INFO  o.s.s.s.RegisterNewDashboards  Register dashboards done: 9 ms
2014.11.27 23:58:29 INFO  o.s.s.s.RegisterPermissionTemplates  Register permission templates...
2014.11.27 23:58:29 INFO  o.s.s.s.RegisterPermissionTemplates  Register permission templates done: 1 ms
2014.11.27 23:58:29 INFO  o.s.s.s.RenameDeprecatedPropertyKeys  Rename deprecated property keys
2014.11.27 23:58:29 INFO  org.sonar.INFO  Start components done: 5166 ms
2014.11.27 23:58:29 INFO  jruby.rack  jruby 1.6.8 (ruby-1.8.7-p357) (2012-09-18 1772b40) (Java HotSpot(TM) 64-Bit Server VM 1.7.0_60) [Windows 8.1-amd64-java]
2014.11.27 23:58:29 INFO  jruby.rack  using a shared (threadsafe!) runtime
INFO   | jvm 1    | 2014/11/27 23:58:33 | JRuby limited openssl loaded. http://jruby.org/openssl
INFO   | jvm 1    | 2014/11/27 23:58:33 | gem install jruby-openssl for full support.
INFO   | jvm 1    | 2014/11/27 23:58:37 | 2014-11-27 23:58:37.569:INFO:oejsh.ContextHandler:started o.e.j.w.WebAppContext{/,file:/C:/Users/Habba/Documents/School/DSS/OUR%20PLUGIN%20TESTING%20FOLDER/sonar-3.7.4/war/sonar-server/},file:/C:/Users/Habba/Documents/School/DSS/OUR%20PLUGIN%20TESTING%20FOLDER/sonar-3.7.4/war/sonar-server
INFO   | jvm 1    | 2014/11/27 23:58:37 | 2014-11-27 23:58:37.646:INFO:oejs.AbstractConnector:Started SelectChannelConnector@0.0.0.0:9000
STATUS | wrapper  | 2014/11/28 00:07:10 | --> Wrapper Started as Console
STATUS | wrapper  | 2014/11/28 00:07:11 | Launching a JVM...
INFO   | jvm 1    | 2014/11/28 00:07:11 | Wrapper (Version 3.2.3) http://wrapper.tanukisoftware.org
INFO   | jvm 1    | 2014/11/28 00:07:11 |   Copyright 1999-2006 Tanuki Software, Inc.  All Rights Reserved.
INFO   | jvm 1    | 2014/11/28 00:07:11 | 
INFO   | jvm 1    | 2014/11/28 00:07:11 | 2014-11-28 00:07:11.699:INFO:oejs.Server:jetty-7.6.11.v20130520
2014.11.28 00:07:13 INFO  o.s.s.p.ServerImpl  SonarQube Server / 3.7.4 / d25bc0e2a151ba7374f72ce7b1e7ee547ccb8a9f
2014.11.28 00:07:13 INFO  o.s.c.p.Database  Create JDBC datasource for jdbc:mysql://localhost:3306/sonar?useUnicode=true&characterEncoding=utf8&rewriteBatchedStatements=true
2014.11.28 00:07:14 INFO  o.s.s.p.DefaultServerFileSystem  SonarQube home: C:\Users\Habba\Documents\School\DSS\OUR PLUGIN TESTING FOLDER\sonar-3.7.4
2014.11.28 00:07:14 INFO  o.s.s.p.DefaultServerFileSystem  Deploy dir: C:\Users\Habba\Documents\School\DSS\OUR PLUGIN TESTING FOLDER\sonar-3.7.4\war\sonar-server\deploy
2014.11.28 00:07:14 INFO  org.sonar.INFO  Install plugins...
2014.11.28 00:07:14 INFO  o.s.s.p.PluginDeployer  Deploy plugin Findbugs / 1.3 / 4d7d78e9340e39f53bbf202ed16d1253e6507c36
2014.11.28 00:07:14 INFO  o.s.s.p.PluginDeployer  Deploy plugin JaCoCo / 1.3 / 4d7d78e9340e39f53bbf202ed16d1253e6507c36
2014.11.28 00:07:14 INFO  o.s.s.p.PluginDeployer  Deploy plugin English Pack / 3.7.4 / d25bc0e2a151ba7374f72ce7b1e7ee547ccb8a9f
2014.11.28 00:07:14 INFO  o.s.s.p.PluginDeployer  Deploy plugin Maven Batch Plugin / 3.7.4 / d25bc0e2a151ba7374f72ce7b1e7ee547ccb8a9f
2014.11.28 00:07:14 INFO  o.s.s.p.PluginDeployer  Deploy plugin Surefire / 1.3 / 4d7d78e9340e39f53bbf202ed16d1253e6507c36
2014.11.28 00:07:14 INFO  o.s.s.p.PluginDeployer  Deploy plugin Duplications / 3.7.4 / d25bc0e2a151ba7374f72ce7b1e7ee547ccb8a9f
2014.11.28 00:07:14 INFO  o.s.s.p.PluginDeployer  Deploy plugin Checkstyle / 1.3 / 4d7d78e9340e39f53bbf202ed16d1253e6507c36
2014.11.28 00:07:14 INFO  o.s.s.p.PluginDeployer  Deploy plugin PMD / 1.3 / 4d7d78e9340e39f53bbf202ed16d1253e6507c36
2014.11.28 00:07:15 INFO  o.s.s.p.PluginDeployer  Deploy plugin Java / 1.3 / 4d7d78e9340e39f53bbf202ed16d1253e6507c36
2014.11.28 00:07:15 INFO  o.s.s.p.PluginDeployer  Deploy plugin Core / 3.7.4 / d25bc0e2a151ba7374f72ce7b1e7ee547ccb8a9f
2014.11.28 00:07:15 INFO  o.s.s.p.PluginDeployer  Deploy plugin Polymorphic Views / 1.0-SNAPSHOT
2014.11.28 00:07:15 INFO  o.s.s.p.PluginDeployer  Deploy plugin Database Cleaner / 3.7.4 / d25bc0e2a151ba7374f72ce7b1e7ee547ccb8a9f
2014.11.28 00:07:15 INFO  o.s.s.p.PluginDeployer  Deploy plugin Squid for Java / 1.3 / 4d7d78e9340e39f53bbf202ed16d1253e6507c36
2014.11.28 00:07:15 INFO  o.s.s.p.PluginDeployer  Deploy plugin Email notifications / 3.7.4 / d25bc0e2a151ba7374f72ce7b1e7ee547ccb8a9f
2014.11.28 00:07:15 INFO  o.s.s.p.PluginDeployer  Deploy plugin Design / 3.7.4 / d25bc0e2a151ba7374f72ce7b1e7ee547ccb8a9f
2014.11.28 00:07:15 INFO  org.sonar.INFO  Install plugins done: 785 ms
2014.11.28 00:07:15 INFO  o.s.s.p.ApplicationDeployer  Deploy Ruby on Rails applications
2014.11.28 00:07:15 INFO  org.sonar.INFO  Start components...
2014.11.28 00:07:15 INFO  o.s.j.s.AbstractDatabaseConnector  Initializing Hibernate
2014.11.28 00:07:16 INFO  o.s.s.p.UpdateCenterClient  Update center: http://update.sonarsource.org/update-center.properties (no proxy)
2014.11.28 00:07:16 INFO  o.s.s.n.NotificationService  Notification service started (delay 60 sec.)
2014.11.28 00:07:16 INFO  org.sonar.INFO  Deploy GWT plugins...
2014.11.28 00:07:16 INFO  org.sonar.INFO  Deploy org.sonar.plugins.design.ui.libraries.LibrariesPage to C:\Users\Habba\Documents\School\DSS\OUR PLUGIN TESTING FOLDER\sonar-3.7.4\war\sonar-server\deploy\gwt
2014.11.28 00:07:17 INFO  org.sonar.INFO  Deploy org.sonar.plugins.design.ui.page.DesignPage to C:\Users\Habba\Documents\School\DSS\OUR PLUGIN TESTING FOLDER\sonar-3.7.4\war\sonar-server\deploy\gwt
2014.11.28 00:07:17 INFO  org.sonar.INFO  Deploy GWT plugins done: 574 ms
2014.11.28 00:07:17 INFO  org.sonar.INFO  Load metrics...
2014.11.28 00:07:17 INFO  o.s.s.s.RegisterMetrics  cleaning alert thresholds...
2014.11.28 00:07:17 INFO  org.sonar.INFO  Load metrics done: 297 ms
2014.11.28 00:07:17 INFO  org.sonar.INFO  Register rules [findbugs/java]...
2014.11.28 00:07:18 INFO  org.sonar.INFO  Register rules [findbugs/java] done: 327 ms
2014.11.28 00:07:18 INFO  org.sonar.INFO  Register rules [checkstyle/java]...
2014.11.28 00:07:18 INFO  org.sonar.INFO  Register rules [checkstyle/java] done: 277 ms
2014.11.28 00:07:18 INFO  org.sonar.INFO  Register rules [pmd/java]...
2014.11.28 00:07:18 INFO  org.sonar.INFO  Register rules [pmd/java] done: 461 ms
2014.11.28 00:07:18 INFO  org.sonar.INFO  Register rules [pmd-unit-tests/java]...
2014.11.28 00:07:18 INFO  org.sonar.INFO  Register rules [pmd-unit-tests/java] done: 18 ms
2014.11.28 00:07:18 INFO  org.sonar.INFO  Register rules [squid/java]...
2014.11.28 00:07:19 INFO  org.sonar.INFO  Register rules [squid/java] done: 111 ms
2014.11.28 00:07:19 INFO  org.sonar.INFO  Register rules [common-java/java]...
2014.11.28 00:07:19 INFO  org.sonar.INFO  Register rules [common-java/java] done: 2 ms
2014.11.28 00:07:19 INFO  o.s.s.s.RegisterRules  Removing deprecated rules
2014.11.28 00:07:19 INFO  o.s.s.s.RegisterNewProfiles  Register Quality Profiles...
2014.11.28 00:07:20 INFO  o.s.s.s.RegisterNewProfiles  Register Quality Profiles done: 1018 ms
2014.11.28 00:07:20 INFO  o.s.s.s.RegisterQualityModels  Register Quality Models...
2014.11.28 00:07:20 INFO  o.s.s.s.RegisterQualityModels  Register Quality Models done: 2 ms
2014.11.28 00:07:20 INFO  o.s.s.s.RegisterNewMeasureFilters  Register measure filters...
2014.11.28 00:07:20 INFO  o.s.s.s.RegisterNewMeasureFilters  Register measure filters done: 3 ms
2014.11.28 00:07:20 INFO  o.s.s.s.RegisterNewDashboards  Register dashboards...
2014.11.28 00:07:20 INFO  o.s.s.s.RegisterNewDashboards  Register dashboards done: 9 ms
2014.11.28 00:07:20 INFO  o.s.s.s.RegisterPermissionTemplates  Register permission templates...
2014.11.28 00:07:20 INFO  o.s.s.s.RegisterPermissionTemplates  Register permission templates done: 1 ms
2014.11.28 00:07:20 INFO  o.s.s.s.RenameDeprecatedPropertyKeys  Rename deprecated property keys
2014.11.28 00:07:20 INFO  org.sonar.INFO  Start components done: 5152 ms
2014.11.28 00:07:20 INFO  jruby.rack  jruby 1.6.8 (ruby-1.8.7-p357) (2012-09-18 1772b40) (Java HotSpot(TM) 64-Bit Server VM 1.7.0_60) [Windows 8.1-amd64-java]
2014.11.28 00:07:20 INFO  jruby.rack  using a shared (threadsafe!) runtime
INFO   | jvm 1    | 2014/11/28 00:07:24 | JRuby limited openssl loaded. http://jruby.org/openssl
INFO   | jvm 1    | 2014/11/28 00:07:24 | gem install jruby-openssl for full support.
INFO   | jvm 1    | 2014/11/28 00:07:29 | 2014-11-28 00:07:29.385:INFO:oejsh.ContextHandler:started o.e.j.w.WebAppContext{/,file:/C:/Users/Habba/Documents/School/DSS/OUR%20PLUGIN%20TESTING%20FOLDER/sonar-3.7.4/war/sonar-server/},file:/C:/Users/Habba/Documents/School/DSS/OUR%20PLUGIN%20TESTING%20FOLDER/sonar-3.7.4/war/sonar-server
INFO   | jvm 1    | 2014/11/28 00:07:29 | 2014-11-28 00:07:29.436:INFO:oejs.AbstractConnector:Started SelectChannelConnector@localhost:9000
2014.11.28 00:08:23 INFO  b.k.c.o.p.p.PolymorphicViewsChart  PolymorphicViewsChart generateImage() called!
2014.11.28 00:08:23 ERROR o.s.s.c.ChartsServlet  Generating chart be.kuleuven.cs.oss.polymorphicviews.plugin.PolymorphicViewsChart
java.lang.IllegalArgumentException: Null 'image' argument.
	at org.jfree.chart.encoders.KeypointPNGEncoderAdapter.encode(KeypointPNGEncoderAdapter.java:132) ~[jfreechart-1.0.9.jar:na]
	at org.sonar.server.charts.ChartsServlet.exportAsPNG(ChartsServlet.java:92) ~[classes/:na]
	at org.sonar.server.charts.ChartsServlet.doGet(ChartsServlet.java:66) ~[classes/:na]
	at javax.servlet.http.HttpServlet.service(HttpServlet.java:707) [javax.servlet-2.5.0.v201103041518.jar:na]
	at javax.servlet.http.HttpServlet.service(HttpServlet.java:820) [javax.servlet-2.5.0.v201103041518.jar:na]
	at org.eclipse.jetty.servlet.ServletHolder.handle(ServletHolder.java:652) [jetty-servlet-7.6.11.v20130520.jar:7.6.11.v20130520]
	at org.eclipse.jetty.servlet.ServletHandler$CachedChain.doFilter(ServletHandler.java:1320) [jetty-servlet-7.6.11.v20130520.jar:7.6.11.v20130520]
	at org.jruby.rack.RackFilter.doFilterInternal(RackFilter.java:78) [jruby-rack-1.1.10.jar:na]
	at org.jruby.rack.UnmappedRackFilter.isDoDispatch(UnmappedRackFilter.java:106) [jruby-rack-1.1.10.jar:na]
	at org.jruby.rack.AbstractFilter.isDoDispatch(AbstractFilter.java:107) [jruby-rack-1.1.10.jar:na]
	at org.jruby.rack.AbstractFilter.doFilter(AbstractFilter.java:65) [jruby-rack-1.1.10.jar:na]
	at org.eclipse.jetty.servlet.ServletHandler$CachedChain.doFilter(ServletHandler.java:1291) [jetty-servlet-7.6.11.v20130520.jar:7.6.11.v20130520]
	at org.sonar.server.platform.MasterServletFilter.doFilter(MasterServletFilter.java:80) [classes/:na]
	at org.eclipse.jetty.servlet.ServletHandler$CachedChain.doFilter(ServletHandler.java:1291) [jetty-servlet-7.6.11.v20130520.jar:7.6.11.v20130520]
	at org.sonar.server.user.UserSessionFilter.doFilter(UserSessionFilter.java:40) [classes/:na]
	at org.eclipse.jetty.servlet.ServletHandler$CachedChain.doFilter(ServletHandler.java:1291) [jetty-servlet-7.6.11.v20130520.jar:7.6.11.v20130520]
	at org.sonar.server.ui.DatabaseSessionFilter.doFilter(DatabaseSessionFilter.java:36) [classes/:na]
	at org.eclipse.jetty.servlet.ServletHandler$CachedChain.doFilter(ServletHandler.java:1291) [jetty-servlet-7.6.11.v20130520.jar:7.6.11.v20130520]
	at org.eclipse.jetty.servlets.UserAgentFilter.doFilter(UserAgentFilter.java:82) [jetty-servlets-7.6.11.v20130520.jar:7.6.11.v20130520]
	at org.eclipse.jetty.servlets.GzipFilter.doFilter(GzipFilter.java:294) [jetty-servlets-7.6.11.v20130520.jar:7.6.11.v20130520]
	at org.eclipse.jetty.servlet.ServletHandler$CachedChain.doFilter(ServletHandler.java:1291) [jetty-servlet-7.6.11.v20130520.jar:7.6.11.v20130520]
	at org.eclipse.jetty.continuation.ContinuationFilter.doFilter(ContinuationFilter.java:137) [jetty-continuation-7.6.11.v20130520.jar:7.6.11.v20130520]
	at org.eclipse.jetty.servlet.ServletHandler$CachedChain.doFilter(ServletHandler.java:1291) [jetty-servlet-7.6.11.v20130520.jar:7.6.11.v20130520]
	at org.eclipse.jetty.servlet.ServletHandler.doHandle(ServletHandler.java:443) [jetty-servlet-7.6.11.v20130520.jar:7.6.11.v20130520]
	at org.eclipse.jetty.server.handler.ScopedHandler.handle(ScopedHandler.java:137) [jetty-server-7.6.11.v20130520.jar:7.6.11.v20130520]
	at org.eclipse.jetty.security.SecurityHandler.handle(SecurityHandler.java:556) [jetty-security-7.6.11.v20130520.jar:7.6.11.v20130520]
	at org.eclipse.jetty.server.session.SessionHandler.doHandle(SessionHandler.java:227) [jetty-server-7.6.11.v20130520.jar:7.6.11.v20130520]
	at org.eclipse.jetty.server.handler.ContextHandler.doHandle(ContextHandler.java:1044) [jetty-server-7.6.11.v20130520.jar:7.6.11.v20130520]
	at org.eclipse.jetty.servlet.ServletHandler.doScope(ServletHandler.java:372) [jetty-servlet-7.6.11.v20130520.jar:7.6.11.v20130520]
	at org.eclipse.jetty.server.session.SessionHandler.doScope(SessionHandler.java:189) [jetty-server-7.6.11.v20130520.jar:7.6.11.v20130520]
	at org.eclipse.jetty.server.handler.ContextHandler.doScope(ContextHandler.java:978) [jetty-server-7.6.11.v20130520.jar:7.6.11.v20130520]
	at org.eclipse.jetty.server.handler.ScopedHandler.handle(ScopedHandler.java:135) [jetty-server-7.6.11.v20130520.jar:7.6.11.v20130520]
	at org.eclipse.jetty.server.handler.HandlerCollection.handle(HandlerCollection.java:154) [jetty-server-7.6.11.v20130520.jar:7.6.11.v20130520]
	at org.eclipse.jetty.server.handler.HandlerWrapper.handle(HandlerWrapper.java:116) [jetty-server-7.6.11.v20130520.jar:7.6.11.v20130520]
	at org.eclipse.jetty.server.Server.handle(Server.java:369) [jetty-server-7.6.11.v20130520.jar:7.6.11.v20130520]
	at org.eclipse.jetty.server.AbstractHttpConnection.handleRequest(AbstractHttpConnection.java:486) [jetty-server-7.6.11.v20130520.jar:7.6.11.v20130520]
	at org.eclipse.jetty.server.AbstractHttpConnection.headerComplete(AbstractHttpConnection.java:933) [jetty-server-7.6.11.v20130520.jar:7.6.11.v20130520]
	at org.eclipse.jetty.server.AbstractHttpConnection$RequestHandler.headerComplete(AbstractHttpConnection.java:995) [jetty-server-7.6.11.v20130520.jar:7.6.11.v20130520]
	at org.eclipse.jetty.http.HttpParser.parseNext(HttpParser.java:644) [jetty-http-7.6.11.v20130520.jar:7.6.11.v20130520]
	at org.eclipse.jetty.http.HttpParser.parseAvailable(HttpParser.java:235) [jetty-http-7.6.11.v20130520.jar:7.6.11.v20130520]
	at org.eclipse.jetty.server.AsyncHttpConnection.handle(AsyncHttpConnection.java:82) [jetty-server-7.6.11.v20130520.jar:7.6.11.v20130520]
	at org.eclipse.jetty.io.nio.SelectChannelEndPoint.handle(SelectChannelEndPoint.java:668) [jetty-io-7.6.11.v20130520.jar:7.6.11.v20130520]
	at org.eclipse.jetty.io.nio.SelectChannelEndPoint$1.run(SelectChannelEndPoint.java:52) [jetty-io-7.6.11.v20130520.jar:7.6.11.v20130520]
	at org.eclipse.jetty.util.thread.QueuedThreadPool.runJob(QueuedThreadPool.java:608) [jetty-util-7.6.11.v20130520.jar:7.6.11.v20130520]
	at org.eclipse.jetty.util.thread.QueuedThreadPool$3.run(QueuedThreadPool.java:543) [jetty-util-7.6.11.v20130520.jar:7.6.11.v20130520]
	at java.lang.Thread.run(Unknown Source) [na:1.7.0_60]
2014.11.28 00:08:42 INFO  b.k.c.o.p.p.PolymorphicViewsChart  PolymorphicViewsChart generateImage() called!
2014.11.28 00:08:42 ERROR o.s.s.c.ChartsServlet  Generating chart be.kuleuven.cs.oss.polymorphicviews.plugin.PolymorphicViewsChart
java.lang.IllegalArgumentException: Null 'image' argument.
	at org.jfree.chart.encoders.KeypointPNGEncoderAdapter.encode(KeypointPNGEncoderAdapter.java:132) ~[jfreechart-1.0.9.jar:na]
	at org.sonar.server.charts.ChartsServlet.exportAsPNG(ChartsServlet.java:92) ~[classes/:na]
	at org.sonar.server.charts.ChartsServlet.doGet(ChartsServlet.java:66) ~[classes/:na]
	at javax.servlet.http.HttpServlet.service(HttpServlet.java:707) [javax.servlet-2.5.0.v201103041518.jar:na]
	at javax.servlet.http.HttpServlet.service(HttpServlet.java:820) [javax.servlet-2.5.0.v201103041518.jar:na]
	at org.eclipse.jetty.servlet.ServletHolder.handle(ServletHolder.java:652) [jetty-servlet-7.6.11.v20130520.jar:7.6.11.v20130520]
	at org.eclipse.jetty.servlet.ServletHandler$CachedChain.doFilter(ServletHandler.java:1320) [jetty-servlet-7.6.11.v20130520.jar:7.6.11.v20130520]
	at org.jruby.rack.RackFilter.doFilterInternal(RackFilter.java:78) [jruby-rack-1.1.10.jar:na]
	at org.jruby.rack.UnmappedRackFilter.isDoDispatch(UnmappedRackFilter.java:106) [jruby-rack-1.1.10.jar:na]
	at org.jruby.rack.AbstractFilter.isDoDispatch(AbstractFilter.java:107) [jruby-rack-1.1.10.jar:na]
	at org.jruby.rack.AbstractFilter.doFilter(AbstractFilter.java:65) [jruby-rack-1.1.10.jar:na]
	at org.eclipse.jetty.servlet.ServletHandler$CachedChain.doFilter(ServletHandler.java:1291) [jetty-servlet-7.6.11.v20130520.jar:7.6.11.v20130520]
	at org.sonar.server.platform.MasterServletFilter.doFilter(MasterServletFilter.java:80) [classes/:na]
	at org.eclipse.jetty.servlet.ServletHandler$CachedChain.doFilter(ServletHandler.java:1291) [jetty-servlet-7.6.11.v20130520.jar:7.6.11.v20130520]
	at org.sonar.server.user.UserSessionFilter.doFilter(UserSessionFilter.java:40) [classes/:na]
	at org.eclipse.jetty.servlet.ServletHandler$CachedChain.doFilter(ServletHandler.java:1291) [jetty-servlet-7.6.11.v20130520.jar:7.6.11.v20130520]
	at org.sonar.server.ui.DatabaseSessionFilter.doFilter(DatabaseSessionFilter.java:36) [classes/:na]
	at org.eclipse.jetty.servlet.ServletHandler$CachedChain.doFilter(ServletHandler.java:1291) [jetty-servlet-7.6.11.v20130520.jar:7.6.11.v20130520]
	at org.eclipse.jetty.servlets.UserAgentFilter.doFilter(UserAgentFilter.java:82) [jetty-servlets-7.6.11.v20130520.jar:7.6.11.v20130520]
	at org.eclipse.jetty.servlets.GzipFilter.doFilter(GzipFilter.java:294) [jetty-servlets-7.6.11.v20130520.jar:7.6.11.v20130520]
	at org.eclipse.jetty.servlet.ServletHandler$CachedChain.doFilter(ServletHandler.java:1291) [jetty-servlet-7.6.11.v20130520.jar:7.6.11.v20130520]
	at org.eclipse.jetty.continuation.ContinuationFilter.doFilter(ContinuationFilter.java:137) [jetty-continuation-7.6.11.v20130520.jar:7.6.11.v20130520]
	at org.eclipse.jetty.servlet.ServletHandler$CachedChain.doFilter(ServletHandler.java:1291) [jetty-servlet-7.6.11.v20130520.jar:7.6.11.v20130520]
	at org.eclipse.jetty.servlet.ServletHandler.doHandle(ServletHandler.java:443) [jetty-servlet-7.6.11.v20130520.jar:7.6.11.v20130520]
	at org.eclipse.jetty.server.handler.ScopedHandler.handle(ScopedHandler.java:137) [jetty-server-7.6.11.v20130520.jar:7.6.11.v20130520]
	at org.eclipse.jetty.security.SecurityHandler.handle(SecurityHandler.java:556) [jetty-security-7.6.11.v20130520.jar:7.6.11.v20130520]
	at org.eclipse.jetty.server.session.SessionHandler.doHandle(SessionHandler.java:227) [jetty-server-7.6.11.v20130520.jar:7.6.11.v20130520]
	at org.eclipse.jetty.server.handler.ContextHandler.doHandle(ContextHandler.java:1044) [jetty-server-7.6.11.v20130520.jar:7.6.11.v20130520]
	at org.eclipse.jetty.servlet.ServletHandler.doScope(ServletHandler.java:372) [jetty-servlet-7.6.11.v20130520.jar:7.6.11.v20130520]
	at org.eclipse.jetty.server.session.SessionHandler.doScope(SessionHandler.java:189) [jetty-server-7.6.11.v20130520.jar:7.6.11.v20130520]
	at org.eclipse.jetty.server.handler.ContextHandler.doScope(ContextHandler.java:978) [jetty-server-7.6.11.v20130520.jar:7.6.11.v20130520]
	at org.eclipse.jetty.server.handler.ScopedHandler.handle(ScopedHandler.java:135) [jetty-server-7.6.11.v20130520.jar:7.6.11.v20130520]
	at org.eclipse.jetty.server.handler.HandlerCollection.handle(HandlerCollection.java:154) [jetty-server-7.6.11.v20130520.jar:7.6.11.v20130520]
	at org.eclipse.jetty.server.handler.HandlerWrapper.handle(HandlerWrapper.java:116) [jetty-server-7.6.11.v20130520.jar:7.6.11.v20130520]
	at org.eclipse.jetty.server.Server.handle(Server.java:369) [jetty-server-7.6.11.v20130520.jar:7.6.11.v20130520]
	at org.eclipse.jetty.server.AbstractHttpConnection.handleRequest(AbstractHttpConnection.java:486) [jetty-server-7.6.11.v20130520.jar:7.6.11.v20130520]
	at org.eclipse.jetty.server.AbstractHttpConnection.headerComplete(AbstractHttpConnection.java:933) [jetty-server-7.6.11.v20130520.jar:7.6.11.v20130520]
	at org.eclipse.jetty.server.AbstractHttpConnection$RequestHandler.headerComplete(AbstractHttpConnection.java:995) [jetty-server-7.6.11.v20130520.jar:7.6.11.v20130520]
	at org.eclipse.jetty.http.HttpParser.parseNext(HttpParser.java:644) [jetty-http-7.6.11.v20130520.jar:7.6.11.v20130520]
	at org.eclipse.jetty.http.HttpParser.parseAvailable(HttpParser.java:235) [jetty-http-7.6.11.v20130520.jar:7.6.11.v20130520]
	at org.eclipse.jetty.server.AsyncHttpConnection.handle(AsyncHttpConnection.java:82) [jetty-server-7.6.11.v20130520.jar:7.6.11.v20130520]
	at org.eclipse.jetty.io.nio.SelectChannelEndPoint.handle(SelectChannelEndPoint.java:668) [jetty-io-7.6.11.v20130520.jar:7.6.11.v20130520]
	at org.eclipse.jetty.io.nio.SelectChannelEndPoint$1.run(SelectChannelEndPoint.java:52) [jetty-io-7.6.11.v20130520.jar:7.6.11.v20130520]
	at org.eclipse.jetty.util.thread.QueuedThreadPool.runJob(QueuedThreadPool.java:608) [jetty-util-7.6.11.v20130520.jar:7.6.11.v20130520]
	at org.eclipse.jetty.util.thread.QueuedThreadPool$3.run(QueuedThreadPool.java:543) [jetty-util-7.6.11.v20130520.jar:7.6.11.v20130520]
	at java.lang.Thread.run(Unknown Source) [na:1.7.0_60]
2014.11.28 00:12:55 INFO  b.k.c.o.p.p.PolymorphicViewsChart  PolymorphicViewsChart generateImage() called!
2014.11.28 00:12:55 ERROR o.s.s.c.ChartsServlet  Generating chart be.kuleuven.cs.oss.polymorphicviews.plugin.PolymorphicViewsChart
java.lang.IllegalArgumentException: Null 'image' argument.
	at org.jfree.chart.encoders.KeypointPNGEncoderAdapter.encode(KeypointPNGEncoderAdapter.java:132) ~[jfreechart-1.0.9.jar:na]
	at org.sonar.server.charts.ChartsServlet.exportAsPNG(ChartsServlet.java:92) ~[classes/:na]
	at org.sonar.server.charts.ChartsServlet.doGet(ChartsServlet.java:66) ~[classes/:na]
	at javax.servlet.http.HttpServlet.service(HttpServlet.java:707) [javax.servlet-2.5.0.v201103041518.jar:na]
	at javax.servlet.http.HttpServlet.service(HttpServlet.java:820) [javax.servlet-2.5.0.v201103041518.jar:na]
	at org.eclipse.jetty.servlet.ServletHolder.handle(ServletHolder.java:652) [jetty-servlet-7.6.11.v20130520.jar:7.6.11.v20130520]
	at org.eclipse.jetty.servlet.ServletHandler$CachedChain.doFilter(ServletHandler.java:1320) [jetty-servlet-7.6.11.v20130520.jar:7.6.11.v20130520]
	at org.jruby.rack.RackFilter.doFilterInternal(RackFilter.java:78) [jruby-rack-1.1.10.jar:na]
	at org.jruby.rack.UnmappedRackFilter.isDoDispatch(UnmappedRackFilter.java:106) [jruby-rack-1.1.10.jar:na]
	at org.jruby.rack.AbstractFilter.isDoDispatch(AbstractFilter.java:107) [jruby-rack-1.1.10.jar:na]
	at org.jruby.rack.AbstractFilter.doFilter(AbstractFilter.java:65) [jruby-rack-1.1.10.jar:na]
	at org.eclipse.jetty.servlet.ServletHandler$CachedChain.doFilter(ServletHandler.java:1291) [jetty-servlet-7.6.11.v20130520.jar:7.6.11.v20130520]
	at org.sonar.server.platform.MasterServletFilter.doFilter(MasterServletFilter.java:80) [classes/:na]
	at org.eclipse.jetty.servlet.ServletHandler$CachedChain.doFilter(ServletHandler.java:1291) [jetty-servlet-7.6.11.v20130520.jar:7.6.11.v20130520]
	at org.sonar.server.user.UserSessionFilter.doFilter(UserSessionFilter.java:40) [classes/:na]
	at org.eclipse.jetty.servlet.ServletHandler$CachedChain.doFilter(ServletHandler.java:1291) [jetty-servlet-7.6.11.v20130520.jar:7.6.11.v20130520]
	at org.sonar.server.ui.DatabaseSessionFilter.doFilter(DatabaseSessionFilter.java:36) [classes/:na]
	at org.eclipse.jetty.servlet.ServletHandler$CachedChain.doFilter(ServletHandler.java:1291) [jetty-servlet-7.6.11.v20130520.jar:7.6.11.v20130520]
	at org.eclipse.jetty.servlets.UserAgentFilter.doFilter(UserAgentFilter.java:82) [jetty-servlets-7.6.11.v20130520.jar:7.6.11.v20130520]
	at org.eclipse.jetty.servlets.GzipFilter.doFilter(GzipFilter.java:294) [jetty-servlets-7.6.11.v20130520.jar:7.6.11.v20130520]
	at org.eclipse.jetty.servlet.ServletHandler$CachedChain.doFilter(ServletHandler.java:1291) [jetty-servlet-7.6.11.v20130520.jar:7.6.11.v20130520]
	at org.eclipse.jetty.continuation.ContinuationFilter.doFilter(ContinuationFilter.java:137) [jetty-continuation-7.6.11.v20130520.jar:7.6.11.v20130520]
	at org.eclipse.jetty.servlet.ServletHandler$CachedChain.doFilter(ServletHandler.java:1291) [jetty-servlet-7.6.11.v20130520.jar:7.6.11.v20130520]
	at org.eclipse.jetty.servlet.ServletHandler.doHandle(ServletHandler.java:443) [jetty-servlet-7.6.11.v20130520.jar:7.6.11.v20130520]
	at org.eclipse.jetty.server.handler.ScopedHandler.handle(ScopedHandler.java:137) [jetty-server-7.6.11.v20130520.jar:7.6.11.v20130520]
	at org.eclipse.jetty.security.SecurityHandler.handle(SecurityHandler.java:556) [jetty-security-7.6.11.v20130520.jar:7.6.11.v20130520]
	at org.eclipse.jetty.server.session.SessionHandler.doHandle(SessionHandler.java:227) [jetty-server-7.6.11.v20130520.jar:7.6.11.v20130520]
	at org.eclipse.jetty.server.handler.ContextHandler.doHandle(ContextHandler.java:1044) [jetty-server-7.6.11.v20130520.jar:7.6.11.v20130520]
	at org.eclipse.jetty.servlet.ServletHandler.doScope(ServletHandler.java:372) [jetty-servlet-7.6.11.v20130520.jar:7.6.11.v20130520]
	at org.eclipse.jetty.server.session.SessionHandler.doScope(SessionHandler.java:189) [jetty-server-7.6.11.v20130520.jar:7.6.11.v20130520]
	at org.eclipse.jetty.server.handler.ContextHandler.doScope(ContextHandler.java:978) [jetty-server-7.6.11.v20130520.jar:7.6.11.v20130520]
	at org.eclipse.jetty.server.handler.ScopedHandler.handle(ScopedHandler.java:135) [jetty-server-7.6.11.v20130520.jar:7.6.11.v20130520]
	at org.eclipse.jetty.server.handler.HandlerCollection.handle(HandlerCollection.java:154) [jetty-server-7.6.11.v20130520.jar:7.6.11.v20130520]
	at org.eclipse.jetty.server.handler.HandlerWrapper.handle(HandlerWrapper.java:116) [jetty-server-7.6.11.v20130520.jar:7.6.11.v20130520]
	at org.eclipse.jetty.server.Server.handle(Server.java:369) [jetty-server-7.6.11.v20130520.jar:7.6.11.v20130520]
	at org.eclipse.jetty.server.AbstractHttpConnection.handleRequest(AbstractHttpConnection.java:486) [jetty-server-7.6.11.v20130520.jar:7.6.11.v20130520]
	at org.eclipse.jetty.server.AbstractHttpConnection.headerComplete(AbstractHttpConnection.java:933) [jetty-server-7.6.11.v20130520.jar:7.6.11.v20130520]
	at org.eclipse.jetty.server.AbstractHttpConnection$RequestHandler.headerComplete(AbstractHttpConnection.java:995) [jetty-server-7.6.11.v20130520.jar:7.6.11.v20130520]
	at org.eclipse.jetty.http.HttpParser.parseNext(HttpParser.java:644) [jetty-http-7.6.11.v20130520.jar:7.6.11.v20130520]
	at org.eclipse.jetty.http.HttpParser.parseAvailable(HttpParser.java:235) [jetty-http-7.6.11.v20130520.jar:7.6.11.v20130520]
	at org.eclipse.jetty.server.AsyncHttpConnection.handle(AsyncHttpConnection.java:82) [jetty-server-7.6.11.v20130520.jar:7.6.11.v20130520]
	at org.eclipse.jetty.io.nio.SelectChannelEndPoint.handle(SelectChannelEndPoint.java:668) [jetty-io-7.6.11.v20130520.jar:7.6.11.v20130520]
	at org.eclipse.jetty.io.nio.SelectChannelEndPoint$1.run(SelectChannelEndPoint.java:52) [jetty-io-7.6.11.v20130520.jar:7.6.11.v20130520]
	at org.eclipse.jetty.util.thread.QueuedThreadPool.runJob(QueuedThreadPool.java:608) [jetty-util-7.6.11.v20130520.jar:7.6.11.v20130520]
	at org.eclipse.jetty.util.thread.QueuedThreadPool$3.run(QueuedThreadPool.java:543) [jetty-util-7.6.11.v20130520.jar:7.6.11.v20130520]
	at java.lang.Thread.run(Unknown Source) [na:1.7.0_60]
2014.11.28 00:44:47 INFO  b.k.c.o.p.p.PolymorphicViewsChart  PolymorphicViewsChart generateImage() called!
2014.11.28 00:44:48 ERROR o.s.s.c.ChartsServlet  Generating chart be.kuleuven.cs.oss.polymorphicviews.plugin.PolymorphicViewsChart
java.lang.IllegalArgumentException: Null 'image' argument.
	at org.jfree.chart.encoders.KeypointPNGEncoderAdapter.encode(KeypointPNGEncoderAdapter.java:132) ~[jfreechart-1.0.9.jar:na]
	at org.sonar.server.charts.ChartsServlet.exportAsPNG(ChartsServlet.java:92) ~[classes/:na]
	at org.sonar.server.charts.ChartsServlet.doGet(ChartsServlet.java:66) ~[classes/:na]
	at javax.servlet.http.HttpServlet.service(HttpServlet.java:707) [javax.servlet-2.5.0.v201103041518.jar:na]
	at javax.servlet.http.HttpServlet.service(HttpServlet.java:820) [javax.servlet-2.5.0.v201103041518.jar:na]
	at org.eclipse.jetty.servlet.ServletHolder.handle(ServletHolder.java:652) [jetty-servlet-7.6.11.v20130520.jar:7.6.11.v20130520]
	at org.eclipse.jetty.servlet.ServletHandler$CachedChain.doFilter(ServletHandler.java:1320) [jetty-servlet-7.6.11.v20130520.jar:7.6.11.v20130520]
	at org.jruby.rack.RackFilter.doFilterInternal(RackFilter.java:78) [jruby-rack-1.1.10.jar:na]
	at org.jruby.rack.UnmappedRackFilter.isDoDispatch(UnmappedRackFilter.java:106) [jruby-rack-1.1.10.jar:na]
	at org.jruby.rack.AbstractFilter.isDoDispatch(AbstractFilter.java:107) [jruby-rack-1.1.10.jar:na]
	at org.jruby.rack.AbstractFilter.doFilter(AbstractFilter.java:65) [jruby-rack-1.1.10.jar:na]
	at org.eclipse.jetty.servlet.ServletHandler$CachedChain.doFilter(ServletHandler.java:1291) [jetty-servlet-7.6.11.v20130520.jar:7.6.11.v20130520]
	at org.sonar.server.platform.MasterServletFilter.doFilter(MasterServletFilter.java:80) [classes/:na]
	at org.eclipse.jetty.servlet.ServletHandler$CachedChain.doFilter(ServletHandler.java:1291) [jetty-servlet-7.6.11.v20130520.jar:7.6.11.v20130520]
	at org.sonar.server.user.UserSessionFilter.doFilter(UserSessionFilter.java:40) [classes/:na]
	at org.eclipse.jetty.servlet.ServletHandler$CachedChain.doFilter(ServletHandler.java:1291) [jetty-servlet-7.6.11.v20130520.jar:7.6.11.v20130520]
	at org.sonar.server.ui.DatabaseSessionFilter.doFilter(DatabaseSessionFilter.java:36) [classes/:na]
	at org.eclipse.jetty.servlet.ServletHandler$CachedChain.doFilter(ServletHandler.java:1291) [jetty-servlet-7.6.11.v20130520.jar:7.6.11.v20130520]
	at org.eclipse.jetty.servlets.UserAgentFilter.doFilter(UserAgentFilter.java:82) [jetty-servlets-7.6.11.v20130520.jar:7.6.11.v20130520]
	at org.eclipse.jetty.servlets.GzipFilter.doFilter(GzipFilter.java:294) [jetty-servlets-7.6.11.v20130520.jar:7.6.11.v20130520]
	at org.eclipse.jetty.servlet.ServletHandler$CachedChain.doFilter(ServletHandler.java:1291) [jetty-servlet-7.6.11.v20130520.jar:7.6.11.v20130520]
	at org.eclipse.jetty.continuation.ContinuationFilter.doFilter(ContinuationFilter.java:137) [jetty-continuation-7.6.11.v20130520.jar:7.6.11.v20130520]
	at org.eclipse.jetty.servlet.ServletHandler$CachedChain.doFilter(ServletHandler.java:1291) [jetty-servlet-7.6.11.v20130520.jar:7.6.11.v20130520]
	at org.eclipse.jetty.servlet.ServletHandler.doHandle(ServletHandler.java:443) [jetty-servlet-7.6.11.v20130520.jar:7.6.11.v20130520]
	at org.eclipse.jetty.server.handler.ScopedHandler.handle(ScopedHandler.java:137) [jetty-server-7.6.11.v20130520.jar:7.6.11.v20130520]
	at org.eclipse.jetty.security.SecurityHandler.handle(SecurityHandler.java:556) [jetty-security-7.6.11.v20130520.jar:7.6.11.v20130520]
	at org.eclipse.jetty.server.session.SessionHandler.doHandle(SessionHandler.java:227) [jetty-server-7.6.11.v20130520.jar:7.6.11.v20130520]
	at org.eclipse.jetty.server.handler.ContextHandler.doHandle(ContextHandler.java:1044) [jetty-server-7.6.11.v20130520.jar:7.6.11.v20130520]
	at org.eclipse.jetty.servlet.ServletHandler.doScope(ServletHandler.java:372) [jetty-servlet-7.6.11.v20130520.jar:7.6.11.v20130520]
	at org.eclipse.jetty.server.session.SessionHandler.doScope(SessionHandler.java:189) [jetty-server-7.6.11.v20130520.jar:7.6.11.v20130520]
	at org.eclipse.jetty.server.handler.ContextHandler.doScope(ContextHandler.java:978) [jetty-server-7.6.11.v20130520.jar:7.6.11.v20130520]
	at org.eclipse.jetty.server.handler.ScopedHandler.handle(ScopedHandler.java:135) [jetty-server-7.6.11.v20130520.jar:7.6.11.v20130520]
	at org.eclipse.jetty.server.handler.HandlerCollection.handle(HandlerCollection.java:154) [jetty-server-7.6.11.v20130520.jar:7.6.11.v20130520]
	at org.eclipse.jetty.server.handler.HandlerWrapper.handle(HandlerWrapper.java:116) [jetty-server-7.6.11.v20130520.jar:7.6.11.v20130520]
	at org.eclipse.jetty.server.Server.handle(Server.java:369) [jetty-server-7.6.11.v20130520.jar:7.6.11.v20130520]
	at org.eclipse.jetty.server.AbstractHttpConnection.handleRequest(AbstractHttpConnection.java:486) [jetty-server-7.6.11.v20130520.jar:7.6.11.v20130520]
	at org.eclipse.jetty.server.AbstractHttpConnection.headerComplete(AbstractHttpConnection.java:933) [jetty-server-7.6.11.v20130520.jar:7.6.11.v20130520]
	at org.eclipse.jetty.server.AbstractHttpConnection$RequestHandler.headerComplete(AbstractHttpConnection.java:995) [jetty-server-7.6.11.v20130520.jar:7.6.11.v20130520]
	at org.eclipse.jetty.http.HttpParser.parseNext(HttpParser.java:644) [jetty-http-7.6.11.v20130520.jar:7.6.11.v20130520]
	at org.eclipse.jetty.http.HttpParser.parseAvailable(HttpParser.java:235) [jetty-http-7.6.11.v20130520.jar:7.6.11.v20130520]
	at org.eclipse.jetty.server.AsyncHttpConnection.handle(AsyncHttpConnection.java:82) [jetty-server-7.6.11.v20130520.jar:7.6.11.v20130520]
	at org.eclipse.jetty.io.nio.SelectChannelEndPoint.handle(SelectChannelEndPoint.java:668) [jetty-io-7.6.11.v20130520.jar:7.6.11.v20130520]
	at org.eclipse.jetty.io.nio.SelectChannelEndPoint$1.run(SelectChannelEndPoint.java:52) [jetty-io-7.6.11.v20130520.jar:7.6.11.v20130520]
	at org.eclipse.jetty.util.thread.QueuedThreadPool.runJob(QueuedThreadPool.java:608) [jetty-util-7.6.11.v20130520.jar:7.6.11.v20130520]
	at org.eclipse.jetty.util.thread.QueuedThreadPool$3.run(QueuedThreadPool.java:543) [jetty-util-7.6.11.v20130520.jar:7.6.11.v20130520]
	at java.lang.Thread.run(Unknown Source) [na:1.7.0_60]
STATUS | wrapper  | 2014/11/28 00:45:25 | --> Wrapper Started as Console
STATUS | wrapper  | 2014/11/28 00:45:25 | Launching a JVM...
INFO   | jvm 1    | 2014/11/28 00:45:26 | Wrapper (Version 3.2.3) http://wrapper.tanukisoftware.org
INFO   | jvm 1    | 2014/11/28 00:45:26 |   Copyright 1999-2006 Tanuki Software, Inc.  All Rights Reserved.
INFO   | jvm 1    | 2014/11/28 00:45:26 | 
INFO   | jvm 1    | 2014/11/28 00:45:26 | 2014-11-28 00:45:26.268:INFO:oejs.Server:jetty-7.6.11.v20130520
2014.11.28 00:45:27 INFO  o.s.s.p.ServerImpl  SonarQube Server / 3.7.4 / d25bc0e2a151ba7374f72ce7b1e7ee547ccb8a9f
2014.11.28 00:45:27 INFO  o.s.c.p.Database  Create JDBC datasource for jdbc:mysql://localhost:3306/sonar?useUnicode=true&characterEncoding=utf8&rewriteBatchedStatements=true
2014.11.28 00:45:28 INFO  o.s.s.p.DefaultServerFileSystem  SonarQube home: C:\Users\Habba\Documents\School\DSS\OUR PLUGIN TESTING FOLDER\sonar-3.7.4
2014.11.28 00:45:28 INFO  o.s.s.p.DefaultServerFileSystem  Deploy dir: C:\Users\Habba\Documents\School\DSS\OUR PLUGIN TESTING FOLDER\sonar-3.7.4\war\sonar-server\deploy
2014.11.28 00:45:28 INFO  org.sonar.INFO  Install plugins...
2014.11.28 00:45:28 INFO  o.s.s.p.PluginDeployer  Deploy plugin Findbugs / 1.3 / 4d7d78e9340e39f53bbf202ed16d1253e6507c36
2014.11.28 00:45:29 INFO  o.s.s.p.PluginDeployer  Deploy plugin JaCoCo / 1.3 / 4d7d78e9340e39f53bbf202ed16d1253e6507c36
2014.11.28 00:45:29 INFO  o.s.s.p.PluginDeployer  Deploy plugin English Pack / 3.7.4 / d25bc0e2a151ba7374f72ce7b1e7ee547ccb8a9f
2014.11.28 00:45:29 INFO  o.s.s.p.PluginDeployer  Deploy plugin Maven Batch Plugin / 3.7.4 / d25bc0e2a151ba7374f72ce7b1e7ee547ccb8a9f
2014.11.28 00:45:29 INFO  o.s.s.p.PluginDeployer  Deploy plugin Surefire / 1.3 / 4d7d78e9340e39f53bbf202ed16d1253e6507c36
2014.11.28 00:45:29 INFO  o.s.s.p.PluginDeployer  Deploy plugin Duplications / 3.7.4 / d25bc0e2a151ba7374f72ce7b1e7ee547ccb8a9f
2014.11.28 00:45:29 INFO  o.s.s.p.PluginDeployer  Deploy plugin Checkstyle / 1.3 / 4d7d78e9340e39f53bbf202ed16d1253e6507c36
2014.11.28 00:45:29 INFO  o.s.s.p.PluginDeployer  Deploy plugin PMD / 1.3 / 4d7d78e9340e39f53bbf202ed16d1253e6507c36
2014.11.28 00:45:29 INFO  o.s.s.p.PluginDeployer  Deploy plugin Java / 1.3 / 4d7d78e9340e39f53bbf202ed16d1253e6507c36
2014.11.28 00:45:29 INFO  o.s.s.p.PluginDeployer  Deploy plugin Core / 3.7.4 / d25bc0e2a151ba7374f72ce7b1e7ee547ccb8a9f
2014.11.28 00:45:29 INFO  o.s.s.p.PluginDeployer  Deploy plugin Polymorphic Views / 1.0-SNAPSHOT
2014.11.28 00:45:29 INFO  o.s.s.p.PluginDeployer  Deploy plugin Database Cleaner / 3.7.4 / d25bc0e2a151ba7374f72ce7b1e7ee547ccb8a9f
2014.11.28 00:45:29 INFO  o.s.s.p.PluginDeployer  Deploy plugin Squid for Java / 1.3 / 4d7d78e9340e39f53bbf202ed16d1253e6507c36
2014.11.28 00:45:29 INFO  o.s.s.p.PluginDeployer  Deploy plugin Email notifications / 3.7.4 / d25bc0e2a151ba7374f72ce7b1e7ee547ccb8a9f
2014.11.28 00:45:29 INFO  o.s.s.p.PluginDeployer  Deploy plugin Design / 3.7.4 / d25bc0e2a151ba7374f72ce7b1e7ee547ccb8a9f
2014.11.28 00:45:29 INFO  org.sonar.INFO  Install plugins done: 684 ms
2014.11.28 00:45:29 INFO  o.s.s.p.ApplicationDeployer  Deploy Ruby on Rails applications
2014.11.28 00:45:29 INFO  org.sonar.INFO  Start components...
2014.11.28 00:45:29 INFO  o.s.j.s.AbstractDatabaseConnector  Initializing Hibernate
2014.11.28 00:45:31 INFO  o.s.s.p.UpdateCenterClient  Update center: http://update.sonarsource.org/update-center.properties (no proxy)
2014.11.28 00:45:31 INFO  o.s.s.n.NotificationService  Notification service started (delay 60 sec.)
2014.11.28 00:45:31 INFO  org.sonar.INFO  Deploy GWT plugins...
2014.11.28 00:45:31 INFO  org.sonar.INFO  Deploy org.sonar.plugins.design.ui.libraries.LibrariesPage to C:\Users\Habba\Documents\School\DSS\OUR PLUGIN TESTING FOLDER\sonar-3.7.4\war\sonar-server\deploy\gwt
2014.11.28 00:45:31 INFO  org.sonar.INFO  Deploy org.sonar.plugins.design.ui.page.DesignPage to C:\Users\Habba\Documents\School\DSS\OUR PLUGIN TESTING FOLDER\sonar-3.7.4\war\sonar-server\deploy\gwt
2014.11.28 00:45:32 INFO  org.sonar.INFO  Deploy GWT plugins done: 709 ms
2014.11.28 00:45:32 INFO  org.sonar.INFO  Load metrics...
2014.11.28 00:45:32 INFO  o.s.s.s.RegisterMetrics  cleaning alert thresholds...
2014.11.28 00:45:32 INFO  org.sonar.INFO  Load metrics done: 307 ms
2014.11.28 00:45:32 INFO  org.sonar.INFO  Register rules [findbugs/java]...
2014.11.28 00:45:32 INFO  org.sonar.INFO  Register rules [findbugs/java] done: 329 ms
2014.11.28 00:45:32 INFO  org.sonar.INFO  Register rules [checkstyle/java]...
2014.11.28 00:45:33 INFO  org.sonar.INFO  Register rules [checkstyle/java] done: 273 ms
2014.11.28 00:45:33 INFO  org.sonar.INFO  Register rules [pmd/java]...
2014.11.28 00:45:33 INFO  org.sonar.INFO  Register rules [pmd/java] done: 410 ms
2014.11.28 00:45:33 INFO  org.sonar.INFO  Register rules [pmd-unit-tests/java]...
2014.11.28 00:45:33 INFO  org.sonar.INFO  Register rules [pmd-unit-tests/java] done: 18 ms
2014.11.28 00:45:33 INFO  org.sonar.INFO  Register rules [squid/java]...
2014.11.28 00:45:33 INFO  org.sonar.INFO  Register rules [squid/java] done: 117 ms
2014.11.28 00:45:33 INFO  org.sonar.INFO  Register rules [common-java/java]...
2014.11.28 00:45:33 INFO  org.sonar.INFO  Register rules [common-java/java] done: 3 ms
2014.11.28 00:45:33 INFO  o.s.s.s.RegisterRules  Removing deprecated rules
2014.11.28 00:45:33 INFO  o.s.s.s.RegisterNewProfiles  Register Quality Profiles...
2014.11.28 00:45:34 INFO  o.s.s.s.RegisterNewProfiles  Register Quality Profiles done: 1041 ms
2014.11.28 00:45:35 INFO  o.s.s.s.RegisterQualityModels  Register Quality Models...
2014.11.28 00:45:35 INFO  o.s.s.s.RegisterQualityModels  Register Quality Models done: 2 ms
2014.11.28 00:45:35 INFO  o.s.s.s.RegisterNewMeasureFilters  Register measure filters...
2014.11.28 00:45:35 INFO  o.s.s.s.RegisterNewMeasureFilters  Register measure filters done: 4 ms
2014.11.28 00:45:35 INFO  o.s.s.s.RegisterNewDashboards  Register dashboards...
2014.11.28 00:45:35 INFO  o.s.s.s.RegisterNewDashboards  Register dashboards done: 21 ms
2014.11.28 00:45:35 INFO  o.s.s.s.RegisterPermissionTemplates  Register permission templates...
2014.11.28 00:45:35 INFO  o.s.s.s.RegisterPermissionTemplates  Register permission templates done: 2 ms
2014.11.28 00:45:35 INFO  o.s.s.s.RenameDeprecatedPropertyKeys  Rename deprecated property keys
2014.11.28 00:45:35 INFO  org.sonar.INFO  Start components done: 5676 ms
2014.11.28 00:45:35 INFO  jruby.rack  jruby 1.6.8 (ruby-1.8.7-p357) (2012-09-18 1772b40) (Java HotSpot(TM) 64-Bit Server VM 1.7.0_60) [Windows 8.1-amd64-java]
2014.11.28 00:45:35 INFO  jruby.rack  using a shared (threadsafe!) runtime
INFO   | jvm 1    | 2014/11/28 00:45:39 | JRuby limited openssl loaded. http://jruby.org/openssl
INFO   | jvm 1    | 2014/11/28 00:45:39 | gem install jruby-openssl for full support.
INFO   | jvm 1    | 2014/11/28 00:45:44 | 2014-11-28 00:45:44.614:INFO:oejsh.ContextHandler:started o.e.j.w.WebAppContext{/,file:/C:/Users/Habba/Documents/School/DSS/OUR%20PLUGIN%20TESTING%20FOLDER/sonar-3.7.4/war/sonar-server/},file:/C:/Users/Habba/Documents/School/DSS/OUR%20PLUGIN%20TESTING%20FOLDER/sonar-3.7.4/war/sonar-server
INFO   | jvm 1    | 2014/11/28 00:45:44 | 2014-11-28 00:45:44.695:INFO:oejs.AbstractConnector:Started SelectChannelConnector@localhost:9000
2014.11.28 00:45:58 INFO  b.k.c.o.p.p.PolymorphicViewsChart  PolymorphicViewsChart generateImage() called!
2014.11.28 00:45:58 INFO  b.k.c.o.p.p.PolymorphicViewsChart  Constructor Controller called
2014.11.28 00:45:58 INFO  b.k.c.o.p.p.PolymorphicViewsChart  create RVF
2014.11.28 00:45:58 INFO  b.k.c.o.p.p.PolymorphicViewsChart  create RP of color failed
2014.11.28 00:45:58 INFO  b.k.c.o.p.p.PolymorphicViewsChart  common RP creation failed
2014.11.28 00:45:58 INFO  b.k.c.o.p.p.PolymorphicViewsChart  chart creation failed
2014.11.28 00:45:58 ERROR o.s.s.c.ChartsServlet  Generating chart be.kuleuven.cs.oss.polymorphicviews.plugin.PolymorphicViewsChart
java.lang.IllegalArgumentException: Null 'image' argument.
	at org.jfree.chart.encoders.KeypointPNGEncoderAdapter.encode(KeypointPNGEncoderAdapter.java:132) ~[jfreechart-1.0.9.jar:na]
	at org.sonar.server.charts.ChartsServlet.exportAsPNG(ChartsServlet.java:92) ~[classes/:na]
	at org.sonar.server.charts.ChartsServlet.doGet(ChartsServlet.java:66) ~[classes/:na]
	at javax.servlet.http.HttpServlet.service(HttpServlet.java:707) [javax.servlet-2.5.0.v201103041518.jar:na]
	at javax.servlet.http.HttpServlet.service(HttpServlet.java:820) [javax.servlet-2.5.0.v201103041518.jar:na]
	at org.eclipse.jetty.servlet.ServletHolder.handle(ServletHolder.java:652) [jetty-servlet-7.6.11.v20130520.jar:7.6.11.v20130520]
	at org.eclipse.jetty.servlet.ServletHandler$CachedChain.doFilter(ServletHandler.java:1320) [jetty-servlet-7.6.11.v20130520.jar:7.6.11.v20130520]
	at org.jruby.rack.RackFilter.doFilterInternal(RackFilter.java:78) [jruby-rack-1.1.10.jar:na]
	at org.jruby.rack.UnmappedRackFilter.isDoDispatch(UnmappedRackFilter.java:106) [jruby-rack-1.1.10.jar:na]
	at org.jruby.rack.AbstractFilter.isDoDispatch(AbstractFilter.java:107) [jruby-rack-1.1.10.jar:na]
	at org.jruby.rack.AbstractFilter.doFilter(AbstractFilter.java:65) [jruby-rack-1.1.10.jar:na]
	at org.eclipse.jetty.servlet.ServletHandler$CachedChain.doFilter(ServletHandler.java:1291) [jetty-servlet-7.6.11.v20130520.jar:7.6.11.v20130520]
	at org.sonar.server.platform.MasterServletFilter.doFilter(MasterServletFilter.java:80) [classes/:na]
	at org.eclipse.jetty.servlet.ServletHandler$CachedChain.doFilter(ServletHandler.java:1291) [jetty-servlet-7.6.11.v20130520.jar:7.6.11.v20130520]
	at org.sonar.server.user.UserSessionFilter.doFilter(UserSessionFilter.java:40) [classes/:na]
	at org.eclipse.jetty.servlet.ServletHandler$CachedChain.doFilter(ServletHandler.java:1291) [jetty-servlet-7.6.11.v20130520.jar:7.6.11.v20130520]
	at org.sonar.server.ui.DatabaseSessionFilter.doFilter(DatabaseSessionFilter.java:36) [classes/:na]
	at org.eclipse.jetty.servlet.ServletHandler$CachedChain.doFilter(ServletHandler.java:1291) [jetty-servlet-7.6.11.v20130520.jar:7.6.11.v20130520]
	at org.eclipse.jetty.servlets.UserAgentFilter.doFilter(UserAgentFilter.java:82) [jetty-servlets-7.6.11.v20130520.jar:7.6.11.v20130520]
	at org.eclipse.jetty.servlets.GzipFilter.doFilter(GzipFilter.java:294) [jetty-servlets-7.6.11.v20130520.jar:7.6.11.v20130520]
	at org.eclipse.jetty.servlet.ServletHandler$CachedChain.doFilter(ServletHandler.java:1291) [jetty-servlet-7.6.11.v20130520.jar:7.6.11.v20130520]
	at org.eclipse.jetty.continuation.ContinuationFilter.doFilter(ContinuationFilter.java:137) [jetty-continuation-7.6.11.v20130520.jar:7.6.11.v20130520]
	at org.eclipse.jetty.servlet.ServletHandler$CachedChain.doFilter(ServletHandler.java:1291) [jetty-servlet-7.6.11.v20130520.jar:7.6.11.v20130520]
	at org.eclipse.jetty.servlet.ServletHandler.doHandle(ServletHandler.java:443) [jetty-servlet-7.6.11.v20130520.jar:7.6.11.v20130520]
	at org.eclipse.jetty.server.handler.ScopedHandler.handle(ScopedHandler.java:137) [jetty-server-7.6.11.v20130520.jar:7.6.11.v20130520]
	at org.eclipse.jetty.security.SecurityHandler.handle(SecurityHandler.java:556) [jetty-security-7.6.11.v20130520.jar:7.6.11.v20130520]
	at org.eclipse.jetty.server.session.SessionHandler.doHandle(SessionHandler.java:227) [jetty-server-7.6.11.v20130520.jar:7.6.11.v20130520]
	at org.eclipse.jetty.server.handler.ContextHandler.doHandle(ContextHandler.java:1044) [jetty-server-7.6.11.v20130520.jar:7.6.11.v20130520]
	at org.eclipse.jetty.servlet.ServletHandler.doScope(ServletHandler.java:372) [jetty-servlet-7.6.11.v20130520.jar:7.6.11.v20130520]
	at org.eclipse.jetty.server.session.SessionHandler.doScope(SessionHandler.java:189) [jetty-server-7.6.11.v20130520.jar:7.6.11.v20130520]
	at org.eclipse.jetty.server.handler.ContextHandler.doScope(ContextHandler.java:978) [jetty-server-7.6.11.v20130520.jar:7.6.11.v20130520]
	at org.eclipse.jetty.server.handler.ScopedHandler.handle(ScopedHandler.java:135) [jetty-server-7.6.11.v20130520.jar:7.6.11.v20130520]
	at org.eclipse.jetty.server.handler.HandlerCollection.handle(HandlerCollection.java:154) [jetty-server-7.6.11.v20130520.jar:7.6.11.v20130520]
	at org.eclipse.jetty.server.handler.HandlerWrapper.handle(HandlerWrapper.java:116) [jetty-server-7.6.11.v20130520.jar:7.6.11.v20130520]
	at org.eclipse.jetty.server.Server.handle(Server.java:369) [jetty-server-7.6.11.v20130520.jar:7.6.11.v20130520]
	at org.eclipse.jetty.server.AbstractHttpConnection.handleRequest(AbstractHttpConnection.java:486) [jetty-server-7.6.11.v20130520.jar:7.6.11.v20130520]
	at org.eclipse.jetty.server.AbstractHttpConnection.headerComplete(AbstractHttpConnection.java:933) [jetty-server-7.6.11.v20130520.jar:7.6.11.v20130520]
	at org.eclipse.jetty.server.AbstractHttpConnection$RequestHandler.headerComplete(AbstractHttpConnection.java:995) [jetty-server-7.6.11.v20130520.jar:7.6.11.v20130520]
	at org.eclipse.jetty.http.HttpParser.parseNext(HttpParser.java:644) [jetty-http-7.6.11.v20130520.jar:7.6.11.v20130520]
	at org.eclipse.jetty.http.HttpParser.parseAvailable(HttpParser.java:235) [jetty-http-7.6.11.v20130520.jar:7.6.11.v20130520]
	at org.eclipse.jetty.server.AsyncHttpConnection.handle(AsyncHttpConnection.java:82) [jetty-server-7.6.11.v20130520.jar:7.6.11.v20130520]
	at org.eclipse.jetty.io.nio.SelectChannelEndPoint.handle(SelectChannelEndPoint.java:668) [jetty-io-7.6.11.v20130520.jar:7.6.11.v20130520]
	at org.eclipse.jetty.io.nio.SelectChannelEndPoint$1.run(SelectChannelEndPoint.java:52) [jetty-io-7.6.11.v20130520.jar:7.6.11.v20130520]
	at org.eclipse.jetty.util.thread.QueuedThreadPool.runJob(QueuedThreadPool.java:608) [jetty-util-7.6.11.v20130520.jar:7.6.11.v20130520]
	at org.eclipse.jetty.util.thread.QueuedThreadPool$3.run(QueuedThreadPool.java:543) [jetty-util-7.6.11.v20130520.jar:7.6.11.v20130520]
	at java.lang.Thread.run(Unknown Source) [na:1.7.0_60]
2014.11.28 00:46:03 INFO  b.k.c.o.p.p.PolymorphicViewsChart  PolymorphicViewsChart generateImage() called!
2014.11.28 00:46:03 INFO  b.k.c.o.p.p.PolymorphicViewsChart  Constructor Controller called
2014.11.28 00:46:03 INFO  b.k.c.o.p.p.PolymorphicViewsChart  create RVF
2014.11.28 00:46:03 INFO  b.k.c.o.p.p.PolymorphicViewsChart  create RP of color failed
2014.11.28 00:46:03 INFO  b.k.c.o.p.p.PolymorphicViewsChart  common RP creation failed
2014.11.28 00:46:03 INFO  b.k.c.o.p.p.PolymorphicViewsChart  chart creation failed
2014.11.28 00:46:03 ERROR o.s.s.c.ChartsServlet  Generating chart be.kuleuven.cs.oss.polymorphicviews.plugin.PolymorphicViewsChart
java.lang.IllegalArgumentException: Null 'image' argument.
	at org.jfree.chart.encoders.KeypointPNGEncoderAdapter.encode(KeypointPNGEncoderAdapter.java:132) ~[jfreechart-1.0.9.jar:na]
	at org.sonar.server.charts.ChartsServlet.exportAsPNG(ChartsServlet.java:92) ~[classes/:na]
	at org.sonar.server.charts.ChartsServlet.doGet(ChartsServlet.java:66) ~[classes/:na]
	at javax.servlet.http.HttpServlet.service(HttpServlet.java:707) [javax.servlet-2.5.0.v201103041518.jar:na]
	at javax.servlet.http.HttpServlet.service(HttpServlet.java:820) [javax.servlet-2.5.0.v201103041518.jar:na]
	at org.eclipse.jetty.servlet.ServletHolder.handle(ServletHolder.java:652) [jetty-servlet-7.6.11.v20130520.jar:7.6.11.v20130520]
	at org.eclipse.jetty.servlet.ServletHandler$CachedChain.doFilter(ServletHandler.java:1320) [jetty-servlet-7.6.11.v20130520.jar:7.6.11.v20130520]
	at org.jruby.rack.RackFilter.doFilterInternal(RackFilter.java:78) [jruby-rack-1.1.10.jar:na]
	at org.jruby.rack.UnmappedRackFilter.isDoDispatch(UnmappedRackFilter.java:106) [jruby-rack-1.1.10.jar:na]
	at org.jruby.rack.AbstractFilter.isDoDispatch(AbstractFilter.java:107) [jruby-rack-1.1.10.jar:na]
	at org.jruby.rack.AbstractFilter.doFilter(AbstractFilter.java:65) [jruby-rack-1.1.10.jar:na]
	at org.eclipse.jetty.servlet.ServletHandler$CachedChain.doFilter(ServletHandler.java:1291) [jetty-servlet-7.6.11.v20130520.jar:7.6.11.v20130520]
	at org.sonar.server.platform.MasterServletFilter.doFilter(MasterServletFilter.java:80) [classes/:na]
	at org.eclipse.jetty.servlet.ServletHandler$CachedChain.doFilter(ServletHandler.java:1291) [jetty-servlet-7.6.11.v20130520.jar:7.6.11.v20130520]
	at org.sonar.server.user.UserSessionFilter.doFilter(UserSessionFilter.java:40) [classes/:na]
	at org.eclipse.jetty.servlet.ServletHandler$CachedChain.doFilter(ServletHandler.java:1291) [jetty-servlet-7.6.11.v20130520.jar:7.6.11.v20130520]
	at org.sonar.server.ui.DatabaseSessionFilter.doFilter(DatabaseSessionFilter.java:36) [classes/:na]
	at org.eclipse.jetty.servlet.ServletHandler$CachedChain.doFilter(ServletHandler.java:1291) [jetty-servlet-7.6.11.v20130520.jar:7.6.11.v20130520]
	at org.eclipse.jetty.servlets.UserAgentFilter.doFilter(UserAgentFilter.java:82) [jetty-servlets-7.6.11.v20130520.jar:7.6.11.v20130520]
	at org.eclipse.jetty.servlets.GzipFilter.doFilter(GzipFilter.java:294) [jetty-servlets-7.6.11.v20130520.jar:7.6.11.v20130520]
	at org.eclipse.jetty.servlet.ServletHandler$CachedChain.doFilter(ServletHandler.java:1291) [jetty-servlet-7.6.11.v20130520.jar:7.6.11.v20130520]
	at org.eclipse.jetty.continuation.ContinuationFilter.doFilter(ContinuationFilter.java:137) [jetty-continuation-7.6.11.v20130520.jar:7.6.11.v20130520]
	at org.eclipse.jetty.servlet.ServletHandler$CachedChain.doFilter(ServletHandler.java:1291) [jetty-servlet-7.6.11.v20130520.jar:7.6.11.v20130520]
	at org.eclipse.jetty.servlet.ServletHandler.doHandle(ServletHandler.java:443) [jetty-servlet-7.6.11.v20130520.jar:7.6.11.v20130520]
	at org.eclipse.jetty.server.handler.ScopedHandler.handle(ScopedHandler.java:137) [jetty-server-7.6.11.v20130520.jar:7.6.11.v20130520]
	at org.eclipse.jetty.security.SecurityHandler.handle(SecurityHandler.java:556) [jetty-security-7.6.11.v20130520.jar:7.6.11.v20130520]
	at org.eclipse.jetty.server.session.SessionHandler.doHandle(SessionHandler.java:227) [jetty-server-7.6.11.v20130520.jar:7.6.11.v20130520]
	at org.eclipse.jetty.server.handler.ContextHandler.doHandle(ContextHandler.java:1044) [jetty-server-7.6.11.v20130520.jar:7.6.11.v20130520]
	at org.eclipse.jetty.servlet.ServletHandler.doScope(ServletHandler.java:372) [jetty-servlet-7.6.11.v20130520.jar:7.6.11.v20130520]
	at org.eclipse.jetty.server.session.SessionHandler.doScope(SessionHandler.java:189) [jetty-server-7.6.11.v20130520.jar:7.6.11.v20130520]
	at org.eclipse.jetty.server.handler.ContextHandler.doScope(ContextHandler.java:978) [jetty-server-7.6.11.v20130520.jar:7.6.11.v20130520]
	at org.eclipse.jetty.server.handler.ScopedHandler.handle(ScopedHandler.java:135) [jetty-server-7.6.11.v20130520.jar:7.6.11.v20130520]
	at org.eclipse.jetty.server.handler.HandlerCollection.handle(HandlerCollection.java:154) [jetty-server-7.6.11.v20130520.jar:7.6.11.v20130520]
	at org.eclipse.jetty.server.handler.HandlerWrapper.handle(HandlerWrapper.java:116) [jetty-server-7.6.11.v20130520.jar:7.6.11.v20130520]
	at org.eclipse.jetty.server.Server.handle(Server.java:369) [jetty-server-7.6.11.v20130520.jar:7.6.11.v20130520]
	at org.eclipse.jetty.server.AbstractHttpConnection.handleRequest(AbstractHttpConnection.java:486) [jetty-server-7.6.11.v20130520.jar:7.6.11.v20130520]
	at org.eclipse.jetty.server.AbstractHttpConnection.headerComplete(AbstractHttpConnection.java:933) [jetty-server-7.6.11.v20130520.jar:7.6.11.v20130520]
	at org.eclipse.jetty.server.AbstractHttpConnection$RequestHandler.headerComplete(AbstractHttpConnection.java:995) [jetty-server-7.6.11.v20130520.jar:7.6.11.v20130520]
	at org.eclipse.jetty.http.HttpParser.parseNext(HttpParser.java:644) [jetty-http-7.6.11.v20130520.jar:7.6.11.v20130520]
	at org.eclipse.jetty.http.HttpParser.parseAvailable(HttpParser.java:235) [jetty-http-7.6.11.v20130520.jar:7.6.11.v20130520]
	at org.eclipse.jetty.server.AsyncHttpConnection.handle(AsyncHttpConnection.java:82) [jetty-server-7.6.11.v20130520.jar:7.6.11.v20130520]
	at org.eclipse.jetty.io.nio.SelectChannelEndPoint.handle(SelectChannelEndPoint.java:668) [jetty-io-7.6.11.v20130520.jar:7.6.11.v20130520]
	at org.eclipse.jetty.io.nio.SelectChannelEndPoint$1.run(SelectChannelEndPoint.java:52) [jetty-io-7.6.11.v20130520.jar:7.6.11.v20130520]
	at org.eclipse.jetty.util.thread.QueuedThreadPool.runJob(QueuedThreadPool.java:608) [jetty-util-7.6.11.v20130520.jar:7.6.11.v20130520]
	at org.eclipse.jetty.util.thread.QueuedThreadPool$3.run(QueuedThreadPool.java:543) [jetty-util-7.6.11.v20130520.jar:7.6.11.v20130520]
	at java.lang.Thread.run(Unknown Source) [na:1.7.0_60]
